C:\USERS\AGGELOGTOWERSTATION\DESKTOP\TEST-1-\GLGA-STUDENTEDITION\GLGA\_PLATFORMS\VISUALSTUDIO\GLGA\DEBUG\CHAPTER-9.BSC
C:\USERS\AGGELOGTOWERSTATION\DESKTOP\TEST-1-\GLGA-STUDENTEDITION\GLGA\_PLATFORMS\VISUALSTUDIO\CHAPTER-9\DEBUG\CHAPTER-9.SBR
C:\USERS\AGGELOGTOWERSTATION\DESKTOP\TEST-1-\GLGA-STUDENTEDITION\GLGA\_PLATFORMS\VISUALSTUDIO\CHAPTER-9\DEBUG\GLGAMESH.SBR
C:\USERS\AGGELOGTOWERSTATION\DESKTOP\TEST-1-\GLGA-STUDENTEDITION\GLGA\_PLATFORMS\VISUALSTUDIO\CHAPTER-9\DEBUG\GLGAHELPER.SBR
C:\USERS\AGGELOGTOWERSTATION\DESKTOP\TEST-1-\GLGA-STUDENTEDITION\GLGA\_PLATFORMS\VISUALSTUDIO\CHAPTER-9\DEBUG\GLGAHELPER.OBJ
C:\USERS\AGGELOGTOWERSTATION\DESKTOP\TEST-1-\GLGA-STUDENTEDITION\GLGA\_PLATFORMS\VISUALSTUDIO\CHAPTER-9\DEBUG\GLGAMESH.OBJ
C:\USERS\AGGELOGTOWERSTATION\DESKTOP\TEST-1-\GLGA-STUDENTEDITION\GLGA\_PLATFORMS\VISUALSTUDIO\CHAPTER-9\DEBUG\CHAPTER-9.OBJ
C:\USERS\AGGELOGTOWERSTATION\DESKTOP\TEST-1-\GLGA-STUDENTEDITION\GLGA\_PLATFORMS\VISUALSTUDIO\CHAPTER-9\DEBUG\VC110.PDB
C:\USERS\AGGELOGTOWERSTATION\DESKTOP\TEST-1-\GLGA-STUDENTEDITION\GLGA\_PLATFORMS\VISUALSTUDIO\GLGA\DEBUG\CHAPTER-9.ILK
C:\USERS\AGGELOGTOWERSTATION\DESKTOP\TEST-1-\GLGA-STUDENTEDITION\GLGA\_PLATFORMS\VISUALSTUDIO\GLGA\DEBUG\CHAPTER-9.EXE
C:\USERS\AGGELOGTOWERSTATION\DESKTOP\TEST-1-\GLGA-STUDENTEDITION\GLGA\_PLATFORMS\VISUALSTUDIO\GLGA\DEBUG\CHAPTER-9.PDB
C:\Users\AggelogTowerStation\Desktop\TEST-1-\glGA-StudentEdition\glGA\_platforms\VisualStudio\Chapter-9\Debug\Chapter-9.obj
C:\Users\AggelogTowerStation\Desktop\TEST-1-\glGA-StudentEdition\glGA\_platforms\VisualStudio\Chapter-9\Debug\glGAHelper.obj
C:\Users\AggelogTowerStation\Desktop\TEST-1-\glGA-StudentEdition\glGA\_platforms\VisualStudio\Chapter-9\Debug\glGAMesh.obj
C:\Users\AggelogTowerStation\Desktop\TEST-1-\glGA-StudentEdition\glGA\_platforms\VisualStudio\Chapter-9\Debug\BscMake.command.1.tlog
C:\Users\AggelogTowerStation\Desktop\TEST-1-\glGA-StudentEdition\glGA\_platforms\VisualStudio\Chapter-9\Debug\bscmake.read.1.tlog
C:\Users\AggelogTowerStation\Desktop\TEST-1-\glGA-StudentEdition\glGA\_platforms\VisualStudio\Chapter-9\Debug\BscMake.write.1.tlog
C:\Users\AggelogTowerStation\Desktop\TEST-1-\glGA-StudentEdition\glGA\_platforms\VisualStudio\Chapter-9\Debug\cl.command.1.tlog
C:\Users\AggelogTowerStation\Desktop\TEST-1-\glGA-StudentEdition\glGA\_platforms\VisualStudio\Chapter-9\Debug\CL.read.1.tlog
C:\Users\AggelogTowerStation\Desktop\TEST-1-\glGA-StudentEdition\glGA\_platforms\VisualStudio\Chapter-9\Debug\CL.write.1.tlog
C:\Users\AggelogTowerStation\Desktop\TEST-1-\glGA-StudentEdition\glGA\_platforms\VisualStudio\Chapter-9\Debug\link-cvtres.read.1.tlog
C:\Users\AggelogTowerStation\Desktop\TEST-1-\glGA-StudentEdition\glGA\_platforms\VisualStudio\Chapter-9\Debug\link-cvtres.write.1.tlog
C:\Users\AggelogTowerStation\Desktop\TEST-1-\glGA-StudentEdition\glGA\_platforms\VisualStudio\Chapter-9\Debug\link-rc.read.1.tlog
C:\Users\AggelogTowerStation\Desktop\TEST-1-\glGA-StudentEdition\glGA\_platforms\VisualStudio\Chapter-9\Debug\link-rc.write.1.tlog
C:\Users\AggelogTowerStation\Desktop\TEST-1-\glGA-StudentEdition\glGA\_platforms\VisualStudio\Chapter-9\Debug\link.1136-cvtres.read.1.tlog
C:\Users\AggelogTowerStation\Desktop\TEST-1-\glGA-StudentEdition\glGA\_platforms\VisualStudio\Chapter-9\Debug\link.1136-cvtres.write.1.tlog
C:\Users\AggelogTowerStation\Desktop\TEST-1-\glGA-StudentEdition\glGA\_platforms\VisualStudio\Chapter-9\Debug\link.1136-rc.read.1.tlog
C:\Users\AggelogTowerStation\Desktop\TEST-1-\glGA-StudentEdition\glGA\_platforms\VisualStudio\Chapter-9\Debug\link.1136-rc.write.1.tlog
C:\Users\AggelogTowerStation\Desktop\TEST-1-\glGA-StudentEdition\glGA\_platforms\VisualStudio\Chapter-9\Debug\link.1136.read.1.tlog
C:\Users\AggelogTowerStation\Desktop\TEST-1-\glGA-StudentEdition\glGA\_platforms\VisualStudio\Chapter-9\Debug\link.1136.write.1.tlog
C:\Users\AggelogTowerStation\Desktop\TEST-1-\glGA-StudentEdition\glGA\_platforms\VisualStudio\Chapter-9\Debug\link.1188-cvtres.read.1.tlog
C:\Users\AggelogTowerStation\Desktop\TEST-1-\glGA-StudentEdition\glGA\_platforms\VisualStudio\Chapter-9\Debug\link.1188-cvtres.write.1.tlog
C:\Users\AggelogTowerStation\Desktop\TEST-1-\glGA-StudentEdition\glGA\_platforms\VisualStudio\Chapter-9\Debug\link.1188-rc.read.1.tlog
C:\Users\AggelogTowerStation\Desktop\TEST-1-\glGA-StudentEdition\glGA\_platforms\VisualStudio\Chapter-9\Debug\link.1188-rc.write.1.tlog
C:\Users\AggelogTowerStation\Desktop\TEST-1-\glGA-StudentEdition\glGA\_platforms\VisualStudio\Chapter-9\Debug\link.1188.read.1.tlog
C:\Users\AggelogTowerStation\Desktop\TEST-1-\glGA-StudentEdition\glGA\_platforms\VisualStudio\Chapter-9\Debug\link.1188.write.1.tlog
C:\Users\AggelogTowerStation\Desktop\TEST-1-\glGA-StudentEdition\glGA\_platforms\VisualStudio\Chapter-9\Debug\link.1228-cvtres.read.1.tlog
C:\Users\AggelogTowerStation\Desktop\TEST-1-\glGA-StudentEdition\glGA\_platforms\VisualStudio\Chapter-9\Debug\link.1228-cvtres.write.1.tlog
C:\Users\AggelogTowerStation\Desktop\TEST-1-\glGA-StudentEdition\glGA\_platforms\VisualStudio\Chapter-9\Debug\link.1228-rc.read.1.tlog
C:\Users\AggelogTowerStation\Desktop\TEST-1-\glGA-StudentEdition\glGA\_platforms\VisualStudio\Chapter-9\Debug\link.1228-rc.write.1.tlog
C:\Users\AggelogTowerStation\Desktop\TEST-1-\glGA-StudentEdition\glGA\_platforms\VisualStudio\Chapter-9\Debug\link.1228.read.1.tlog
C:\Users\AggelogTowerStation\Desktop\TEST-1-\glGA-StudentEdition\glGA\_platforms\VisualStudio\Chapter-9\Debug\link.1228.write.1.tlog
C:\Users\AggelogTowerStation\Desktop\TEST-1-\glGA-StudentEdition\glGA\_platforms\VisualStudio\Chapter-9\Debug\link.1232-cvtres.read.1.tlog
C:\Users\AggelogTowerStation\Desktop\TEST-1-\glGA-StudentEdition\glGA\_platforms\VisualStudio\Chapter-9\Debug\link.1232-cvtres.write.1.tlog
C:\Users\AggelogTowerStation\Desktop\TEST-1-\glGA-StudentEdition\glGA\_platforms\VisualStudio\Chapter-9\Debug\link.1232-rc.read.1.tlog
C:\Users\AggelogTowerStation\Desktop\TEST-1-\glGA-StudentEdition\glGA\_platforms\VisualStudio\Chapter-9\Debug\link.1232-rc.write.1.tlog
C:\Users\AggelogTowerStation\Desktop\TEST-1-\glGA-StudentEdition\glGA\_platforms\VisualStudio\Chapter-9\Debug\link.1232.read.1.tlog
C:\Users\AggelogTowerStation\Desktop\TEST-1-\glGA-StudentEdition\glGA\_platforms\VisualStudio\Chapter-9\Debug\link.1232.write.1.tlog
C:\Users\AggelogTowerStation\Desktop\TEST-1-\glGA-StudentEdition\glGA\_platforms\VisualStudio\Chapter-9\Debug\link.1380-cvtres.read.1.tlog
C:\Users\AggelogTowerStation\Desktop\TEST-1-\glGA-StudentEdition\glGA\_platforms\VisualStudio\Chapter-9\Debug\link.1380-cvtres.write.1.tlog
C:\Users\AggelogTowerStation\Desktop\TEST-1-\glGA-StudentEdition\glGA\_platforms\VisualStudio\Chapter-9\Debug\link.1380-rc.read.1.tlog
C:\Users\AggelogTowerStation\Desktop\TEST-1-\glGA-StudentEdition\glGA\_platforms\VisualStudio\Chapter-9\Debug\link.1380-rc.write.1.tlog
C:\Users\AggelogTowerStation\Desktop\TEST-1-\glGA-StudentEdition\glGA\_platforms\VisualStudio\Chapter-9\Debug\link.1380.read.1.tlog
C:\Users\AggelogTowerStation\Desktop\TEST-1-\glGA-StudentEdition\glGA\_platforms\VisualStudio\Chapter-9\Debug\link.1380.write.1.tlog
C:\Users\AggelogTowerStation\Desktop\TEST-1-\glGA-StudentEdition\glGA\_platforms\VisualStudio\Chapter-9\Debug\link.1564-cvtres.read.1.tlog
C:\Users\AggelogTowerStation\Desktop\TEST-1-\glGA-StudentEdition\glGA\_platforms\VisualStudio\Chapter-9\Debug\link.1564-cvtres.write.1.tlog
C:\Users\AggelogTowerStation\Desktop\TEST-1-\glGA-StudentEdition\glGA\_platforms\VisualStudio\Chapter-9\Debug\link.1564-rc.read.1.tlog
C:\Users\AggelogTowerStation\Desktop\TEST-1-\glGA-StudentEdition\glGA\_platforms\VisualStudio\Chapter-9\Debug\link.1564-rc.write.1.tlog
C:\Users\AggelogTowerStation\Desktop\TEST-1-\glGA-StudentEdition\glGA\_platforms\VisualStudio\Chapter-9\Debug\link.1564.read.1.tlog
C:\Users\AggelogTowerStation\Desktop\TEST-1-\glGA-StudentEdition\glGA\_platforms\VisualStudio\Chapter-9\Debug\link.1564.write.1.tlog
C:\Users\AggelogTowerStation\Desktop\TEST-1-\glGA-StudentEdition\glGA\_platforms\VisualStudio\Chapter-9\Debug\link.1772-cvtres.read.1.tlog
C:\Users\AggelogTowerStation\Desktop\TEST-1-\glGA-StudentEdition\glGA\_platforms\VisualStudio\Chapter-9\Debug\link.1772-cvtres.write.1.tlog
C:\Users\AggelogTowerStation\Desktop\TEST-1-\glGA-StudentEdition\glGA\_platforms\VisualStudio\Chapter-9\Debug\link.1772-rc.read.1.tlog
C:\Users\AggelogTowerStation\Desktop\TEST-1-\glGA-StudentEdition\glGA\_platforms\VisualStudio\Chapter-9\Debug\link.1772-rc.write.1.tlog
C:\Users\AggelogTowerStation\Desktop\TEST-1-\glGA-StudentEdition\glGA\_platforms\VisualStudio\Chapter-9\Debug\link.1772.read.1.tlog
C:\Users\AggelogTowerStation\Desktop\TEST-1-\glGA-StudentEdition\glGA\_platforms\VisualStudio\Chapter-9\Debug\link.1772.write.1.tlog
C:\Users\AggelogTowerStation\Desktop\TEST-1-\glGA-StudentEdition\glGA\_platforms\VisualStudio\Chapter-9\Debug\link.1812-cvtres.read.1.tlog
C:\Users\AggelogTowerStation\Desktop\TEST-1-\glGA-StudentEdition\glGA\_platforms\VisualStudio\Chapter-9\Debug\link.1812-cvtres.write.1.tlog
C:\Users\AggelogTowerStation\Desktop\TEST-1-\glGA-StudentEdition\glGA\_platforms\VisualStudio\Chapter-9\Debug\link.1812-rc.read.1.tlog
C:\Users\AggelogTowerStation\Desktop\TEST-1-\glGA-StudentEdition\glGA\_platforms\VisualStudio\Chapter-9\Debug\link.1812-rc.write.1.tlog
C:\Users\AggelogTowerStation\Desktop\TEST-1-\glGA-StudentEdition\glGA\_platforms\VisualStudio\Chapter-9\Debug\link.1812.read.1.tlog
C:\Users\AggelogTowerStation\Desktop\TEST-1-\glGA-StudentEdition\glGA\_platforms\VisualStudio\Chapter-9\Debug\link.1812.write.1.tlog
C:\Users\AggelogTowerStation\Desktop\TEST-1-\glGA-StudentEdition\glGA\_platforms\VisualStudio\Chapter-9\Debug\link.1840-cvtres.read.1.tlog
C:\Users\AggelogTowerStation\Desktop\TEST-1-\glGA-StudentEdition\glGA\_platforms\VisualStudio\Chapter-9\Debug\link.1840-cvtres.write.1.tlog
C:\Users\AggelogTowerStation\Desktop\TEST-1-\glGA-StudentEdition\glGA\_platforms\VisualStudio\Chapter-9\Debug\link.1840-rc.read.1.tlog
C:\Users\AggelogTowerStation\Desktop\TEST-1-\glGA-StudentEdition\glGA\_platforms\VisualStudio\Chapter-9\Debug\link.1840-rc.write.1.tlog
C:\Users\AggelogTowerStation\Desktop\TEST-1-\glGA-StudentEdition\glGA\_platforms\VisualStudio\Chapter-9\Debug\link.1840.read.1.tlog
C:\Users\AggelogTowerStation\Desktop\TEST-1-\glGA-StudentEdition\glGA\_platforms\VisualStudio\Chapter-9\Debug\link.1840.write.1.tlog
C:\Users\AggelogTowerStation\Desktop\TEST-1-\glGA-StudentEdition\glGA\_platforms\VisualStudio\Chapter-9\Debug\link.2216-cvtres.read.1.tlog
C:\Users\AggelogTowerStation\Desktop\TEST-1-\glGA-StudentEdition\glGA\_platforms\VisualStudio\Chapter-9\Debug\link.2216-cvtres.write.1.tlog
C:\Users\AggelogTowerStation\Desktop\TEST-1-\glGA-StudentEdition\glGA\_platforms\VisualStudio\Chapter-9\Debug\link.2216-rc.read.1.tlog
C:\Users\AggelogTowerStation\Desktop\TEST-1-\glGA-StudentEdition\glGA\_platforms\VisualStudio\Chapter-9\Debug\link.2216-rc.write.1.tlog
C:\Users\AggelogTowerStation\Desktop\TEST-1-\glGA-StudentEdition\glGA\_platforms\VisualStudio\Chapter-9\Debug\link.2216.read.1.tlog
C:\Users\AggelogTowerStation\Desktop\TEST-1-\glGA-StudentEdition\glGA\_platforms\VisualStudio\Chapter-9\Debug\link.2216.write.1.tlog
C:\Users\AggelogTowerStation\Desktop\TEST-1-\glGA-StudentEdition\glGA\_platforms\VisualStudio\Chapter-9\Debug\link.224-cvtres.read.1.tlog
C:\Users\AggelogTowerStation\Desktop\TEST-1-\glGA-StudentEdition\glGA\_platforms\VisualStudio\Chapter-9\Debug\link.224-cvtres.write.1.tlog
C:\Users\AggelogTowerStation\Desktop\TEST-1-\glGA-StudentEdition\glGA\_platforms\VisualStudio\Chapter-9\Debug\link.224-rc.read.1.tlog
C:\Users\AggelogTowerStation\Desktop\TEST-1-\glGA-StudentEdition\glGA\_platforms\VisualStudio\Chapter-9\Debug\link.224-rc.write.1.tlog
C:\Users\AggelogTowerStation\Desktop\TEST-1-\glGA-StudentEdition\glGA\_platforms\VisualStudio\Chapter-9\Debug\link.224.read.1.tlog
C:\Users\AggelogTowerStation\Desktop\TEST-1-\glGA-StudentEdition\glGA\_platforms\VisualStudio\Chapter-9\Debug\link.224.write.1.tlog
C:\Users\AggelogTowerStation\Desktop\TEST-1-\glGA-StudentEdition\glGA\_platforms\VisualStudio\Chapter-9\Debug\link.2320-cvtres.read.1.tlog
C:\Users\AggelogTowerStation\Desktop\TEST-1-\glGA-StudentEdition\glGA\_platforms\VisualStudio\Chapter-9\Debug\link.2320-cvtres.write.1.tlog
C:\Users\AggelogTowerStation\Desktop\TEST-1-\glGA-StudentEdition\glGA\_platforms\VisualStudio\Chapter-9\Debug\link.2320-rc.read.1.tlog
C:\Users\AggelogTowerStation\Desktop\TEST-1-\glGA-StudentEdition\glGA\_platforms\VisualStudio\Chapter-9\Debug\link.2320-rc.write.1.tlog
C:\Users\AggelogTowerStation\Desktop\TEST-1-\glGA-StudentEdition\glGA\_platforms\VisualStudio\Chapter-9\Debug\link.2320.read.1.tlog
C:\Users\AggelogTowerStation\Desktop\TEST-1-\glGA-StudentEdition\glGA\_platforms\VisualStudio\Chapter-9\Debug\link.2320.write.1.tlog
C:\Users\AggelogTowerStation\Desktop\TEST-1-\glGA-StudentEdition\glGA\_platforms\VisualStudio\Chapter-9\Debug\link.2408-cvtres.read.1.tlog
C:\Users\AggelogTowerStation\Desktop\TEST-1-\glGA-StudentEdition\glGA\_platforms\VisualStudio\Chapter-9\Debug\link.2408-cvtres.write.1.tlog
C:\Users\AggelogTowerStation\Desktop\TEST-1-\glGA-StudentEdition\glGA\_platforms\VisualStudio\Chapter-9\Debug\link.2408-rc.read.1.tlog
C:\Users\AggelogTowerStation\Desktop\TEST-1-\glGA-StudentEdition\glGA\_platforms\VisualStudio\Chapter-9\Debug\link.2408-rc.write.1.tlog
C:\Users\AggelogTowerStation\Desktop\TEST-1-\glGA-StudentEdition\glGA\_platforms\VisualStudio\Chapter-9\Debug\link.2408.read.1.tlog
C:\Users\AggelogTowerStation\Desktop\TEST-1-\glGA-StudentEdition\glGA\_platforms\VisualStudio\Chapter-9\Debug\link.2408.write.1.tlog
C:\Users\AggelogTowerStation\Desktop\TEST-1-\glGA-StudentEdition\glGA\_platforms\VisualStudio\Chapter-9\Debug\link.2604-cvtres.read.1.tlog
C:\Users\AggelogTowerStation\Desktop\TEST-1-\glGA-StudentEdition\glGA\_platforms\VisualStudio\Chapter-9\Debug\link.2604-cvtres.write.1.tlog
C:\Users\AggelogTowerStation\Desktop\TEST-1-\glGA-StudentEdition\glGA\_platforms\VisualStudio\Chapter-9\Debug\link.2604-rc.read.1.tlog
C:\Users\AggelogTowerStation\Desktop\TEST-1-\glGA-StudentEdition\glGA\_platforms\VisualStudio\Chapter-9\Debug\link.2604-rc.write.1.tlog
C:\Users\AggelogTowerStation\Desktop\TEST-1-\glGA-StudentEdition\glGA\_platforms\VisualStudio\Chapter-9\Debug\link.2604.read.1.tlog
C:\Users\AggelogTowerStation\Desktop\TEST-1-\glGA-StudentEdition\glGA\_platforms\VisualStudio\Chapter-9\Debug\link.2604.write.1.tlog
C:\Users\AggelogTowerStation\Desktop\TEST-1-\glGA-StudentEdition\glGA\_platforms\VisualStudio\Chapter-9\Debug\link.2644-cvtres.read.1.tlog
C:\Users\AggelogTowerStation\Desktop\TEST-1-\glGA-StudentEdition\glGA\_platforms\VisualStudio\Chapter-9\Debug\link.2644-cvtres.write.1.tlog
C:\Users\AggelogTowerStation\Desktop\TEST-1-\glGA-StudentEdition\glGA\_platforms\VisualStudio\Chapter-9\Debug\link.2644-rc.read.1.tlog
C:\Users\AggelogTowerStation\Desktop\TEST-1-\glGA-StudentEdition\glGA\_platforms\VisualStudio\Chapter-9\Debug\link.2644-rc.write.1.tlog
C:\Users\AggelogTowerStation\Desktop\TEST-1-\glGA-StudentEdition\glGA\_platforms\VisualStudio\Chapter-9\Debug\link.2644.read.1.tlog
C:\Users\AggelogTowerStation\Desktop\TEST-1-\glGA-StudentEdition\glGA\_platforms\VisualStudio\Chapter-9\Debug\link.2644.write.1.tlog
C:\Users\AggelogTowerStation\Desktop\TEST-1-\glGA-StudentEdition\glGA\_platforms\VisualStudio\Chapter-9\Debug\link.2784-cvtres.read.1.tlog
C:\Users\AggelogTowerStation\Desktop\TEST-1-\glGA-StudentEdition\glGA\_platforms\VisualStudio\Chapter-9\Debug\link.2784-cvtres.write.1.tlog
C:\Users\AggelogTowerStation\Desktop\TEST-1-\glGA-StudentEdition\glGA\_platforms\VisualStudio\Chapter-9\Debug\link.2784-rc.read.1.tlog
C:\Users\AggelogTowerStation\Desktop\TEST-1-\glGA-StudentEdition\glGA\_platforms\VisualStudio\Chapter-9\Debug\link.2784-rc.write.1.tlog
C:\Users\AggelogTowerStation\Desktop\TEST-1-\glGA-StudentEdition\glGA\_platforms\VisualStudio\Chapter-9\Debug\link.2784.read.1.tlog
C:\Users\AggelogTowerStation\Desktop\TEST-1-\glGA-StudentEdition\glGA\_platforms\VisualStudio\Chapter-9\Debug\link.2784.write.1.tlog
C:\Users\AggelogTowerStation\Desktop\TEST-1-\glGA-StudentEdition\glGA\_platforms\VisualStudio\Chapter-9\Debug\link.2848-cvtres.read.1.tlog
C:\Users\AggelogTowerStation\Desktop\TEST-1-\glGA-StudentEdition\glGA\_platforms\VisualStudio\Chapter-9\Debug\link.2848-cvtres.write.1.tlog
C:\Users\AggelogTowerStation\Desktop\TEST-1-\glGA-StudentEdition\glGA\_platforms\VisualStudio\Chapter-9\Debug\link.2848-rc.read.1.tlog
C:\Users\AggelogTowerStation\Desktop\TEST-1-\glGA-StudentEdition\glGA\_platforms\VisualStudio\Chapter-9\Debug\link.2848-rc.write.1.tlog
C:\Users\AggelogTowerStation\Desktop\TEST-1-\glGA-StudentEdition\glGA\_platforms\VisualStudio\Chapter-9\Debug\link.2848.read.1.tlog
C:\Users\AggelogTowerStation\Desktop\TEST-1-\glGA-StudentEdition\glGA\_platforms\VisualStudio\Chapter-9\Debug\link.2848.write.1.tlog
C:\Users\AggelogTowerStation\Desktop\TEST-1-\glGA-StudentEdition\glGA\_platforms\VisualStudio\Chapter-9\Debug\link.3172-cvtres.read.1.tlog
C:\Users\AggelogTowerStation\Desktop\TEST-1-\glGA-StudentEdition\glGA\_platforms\VisualStudio\Chapter-9\Debug\link.3172-cvtres.write.1.tlog
C:\Users\AggelogTowerStation\Desktop\TEST-1-\glGA-StudentEdition\glGA\_platforms\VisualStudio\Chapter-9\Debug\link.3172-rc.read.1.tlog
C:\Users\AggelogTowerStation\Desktop\TEST-1-\glGA-StudentEdition\glGA\_platforms\VisualStudio\Chapter-9\Debug\link.3172-rc.write.1.tlog
C:\Users\AggelogTowerStation\Desktop\TEST-1-\glGA-StudentEdition\glGA\_platforms\VisualStudio\Chapter-9\Debug\link.3172.read.1.tlog
C:\Users\AggelogTowerStation\Desktop\TEST-1-\glGA-StudentEdition\glGA\_platforms\VisualStudio\Chapter-9\Debug\link.3172.write.1.tlog
C:\Users\AggelogTowerStation\Desktop\TEST-1-\glGA-StudentEdition\glGA\_platforms\VisualStudio\Chapter-9\Debug\link.3200-cvtres.read.1.tlog
C:\Users\AggelogTowerStation\Desktop\TEST-1-\glGA-StudentEdition\glGA\_platforms\VisualStudio\Chapter-9\Debug\link.3200-cvtres.write.1.tlog
C:\Users\AggelogTowerStation\Desktop\TEST-1-\glGA-StudentEdition\glGA\_platforms\VisualStudio\Chapter-9\Debug\link.3200-rc.read.1.tlog
C:\Users\AggelogTowerStation\Desktop\TEST-1-\glGA-StudentEdition\glGA\_platforms\VisualStudio\Chapter-9\Debug\link.3200-rc.write.1.tlog
C:\Users\AggelogTowerStation\Desktop\TEST-1-\glGA-StudentEdition\glGA\_platforms\VisualStudio\Chapter-9\Debug\link.3200.read.1.tlog
C:\Users\AggelogTowerStation\Desktop\TEST-1-\glGA-StudentEdition\glGA\_platforms\VisualStudio\Chapter-9\Debug\link.3200.write.1.tlog
C:\Users\AggelogTowerStation\Desktop\TEST-1-\glGA-StudentEdition\glGA\_platforms\VisualStudio\Chapter-9\Debug\link.3384-cvtres.read.1.tlog
C:\Users\AggelogTowerStation\Desktop\TEST-1-\glGA-StudentEdition\glGA\_platforms\VisualStudio\Chapter-9\Debug\link.3384-cvtres.write.1.tlog
C:\Users\AggelogTowerStation\Desktop\TEST-1-\glGA-StudentEdition\glGA\_platforms\VisualStudio\Chapter-9\Debug\link.3384-rc.read.1.tlog
C:\Users\AggelogTowerStation\Desktop\TEST-1-\glGA-StudentEdition\glGA\_platforms\VisualStudio\Chapter-9\Debug\link.3384-rc.write.1.tlog
C:\Users\AggelogTowerStation\Desktop\TEST-1-\glGA-StudentEdition\glGA\_platforms\VisualStudio\Chapter-9\Debug\link.3384.read.1.tlog
C:\Users\AggelogTowerStation\Desktop\TEST-1-\glGA-StudentEdition\glGA\_platforms\VisualStudio\Chapter-9\Debug\link.3384.write.1.tlog
C:\Users\AggelogTowerStation\Desktop\TEST-1-\glGA-StudentEdition\glGA\_platforms\VisualStudio\Chapter-9\Debug\link.3440-cvtres.read.1.tlog
C:\Users\AggelogTowerStation\Desktop\TEST-1-\glGA-StudentEdition\glGA\_platforms\VisualStudio\Chapter-9\Debug\link.3440-cvtres.write.1.tlog
C:\Users\AggelogTowerStation\Desktop\TEST-1-\glGA-StudentEdition\glGA\_platforms\VisualStudio\Chapter-9\Debug\link.3440-rc.read.1.tlog
C:\Users\AggelogTowerStation\Desktop\TEST-1-\glGA-StudentEdition\glGA\_platforms\VisualStudio\Chapter-9\Debug\link.3440-rc.write.1.tlog
C:\Users\AggelogTowerStation\Desktop\TEST-1-\glGA-StudentEdition\glGA\_platforms\VisualStudio\Chapter-9\Debug\link.3440.read.1.tlog
C:\Users\AggelogTowerStation\Desktop\TEST-1-\glGA-StudentEdition\glGA\_platforms\VisualStudio\Chapter-9\Debug\link.3440.write.1.tlog
C:\Users\AggelogTowerStation\Desktop\TEST-1-\glGA-StudentEdition\glGA\_platforms\VisualStudio\Chapter-9\Debug\link.3456-cvtres.read.1.tlog
C:\Users\AggelogTowerStation\Desktop\TEST-1-\glGA-StudentEdition\glGA\_platforms\VisualStudio\Chapter-9\Debug\link.3456-cvtres.write.1.tlog
C:\Users\AggelogTowerStation\Desktop\TEST-1-\glGA-StudentEdition\glGA\_platforms\VisualStudio\Chapter-9\Debug\link.3456-rc.read.1.tlog
C:\Users\AggelogTowerStation\Desktop\TEST-1-\glGA-StudentEdition\glGA\_platforms\VisualStudio\Chapter-9\Debug\link.3456-rc.write.1.tlog
C:\Users\AggelogTowerStation\Desktop\TEST-1-\glGA-StudentEdition\glGA\_platforms\VisualStudio\Chapter-9\Debug\link.3456.read.1.tlog
C:\Users\AggelogTowerStation\Desktop\TEST-1-\glGA-StudentEdition\glGA\_platforms\VisualStudio\Chapter-9\Debug\link.3456.write.1.tlog
C:\Users\AggelogTowerStation\Desktop\TEST-1-\glGA-StudentEdition\glGA\_platforms\VisualStudio\Chapter-9\Debug\link.348-cvtres.read.1.tlog
C:\Users\AggelogTowerStation\Desktop\TEST-1-\glGA-StudentEdition\glGA\_platforms\VisualStudio\Chapter-9\Debug\link.348-cvtres.write.1.tlog
C:\Users\AggelogTowerStation\Desktop\TEST-1-\glGA-StudentEdition\glGA\_platforms\VisualStudio\Chapter-9\Debug\link.348-rc.read.1.tlog
C:\Users\AggelogTowerStation\Desktop\TEST-1-\glGA-StudentEdition\glGA\_platforms\VisualStudio\Chapter-9\Debug\link.348-rc.write.1.tlog
C:\Users\AggelogTowerStation\Desktop\TEST-1-\glGA-StudentEdition\glGA\_platforms\VisualStudio\Chapter-9\Debug\link.348.read.1.tlog
C:\Users\AggelogTowerStation\Desktop\TEST-1-\glGA-StudentEdition\glGA\_platforms\VisualStudio\Chapter-9\Debug\link.348.write.1.tlog
C:\Users\AggelogTowerStation\Desktop\TEST-1-\glGA-StudentEdition\glGA\_platforms\VisualStudio\Chapter-9\Debug\link.3488-cvtres.read.1.tlog
C:\Users\AggelogTowerStation\Desktop\TEST-1-\glGA-StudentEdition\glGA\_platforms\VisualStudio\Chapter-9\Debug\link.3488-cvtres.write.1.tlog
C:\Users\AggelogTowerStation\Desktop\TEST-1-\glGA-StudentEdition\glGA\_platforms\VisualStudio\Chapter-9\Debug\link.3488-rc.read.1.tlog
C:\Users\AggelogTowerStation\Desktop\TEST-1-\glGA-StudentEdition\glGA\_platforms\VisualStudio\Chapter-9\Debug\link.3488-rc.write.1.tlog
C:\Users\AggelogTowerStation\Desktop\TEST-1-\glGA-StudentEdition\glGA\_platforms\VisualStudio\Chapter-9\Debug\link.3488.read.1.tlog
C:\Users\AggelogTowerStation\Desktop\TEST-1-\glGA-StudentEdition\glGA\_platforms\VisualStudio\Chapter-9\Debug\link.3488.write.1.tlog
C:\Users\AggelogTowerStation\Desktop\TEST-1-\glGA-StudentEdition\glGA\_platforms\VisualStudio\Chapter-9\Debug\link.3552-cvtres.read.1.tlog
C:\Users\AggelogTowerStation\Desktop\TEST-1-\glGA-StudentEdition\glGA\_platforms\VisualStudio\Chapter-9\Debug\link.3552-cvtres.write.1.tlog
C:\Users\AggelogTowerStation\Desktop\TEST-1-\glGA-StudentEdition\glGA\_platforms\VisualStudio\Chapter-9\Debug\link.3552-rc.read.1.tlog
C:\Users\AggelogTowerStation\Desktop\TEST-1-\glGA-StudentEdition\glGA\_platforms\VisualStudio\Chapter-9\Debug\link.3552-rc.write.1.tlog
C:\Users\AggelogTowerStation\Desktop\TEST-1-\glGA-StudentEdition\glGA\_platforms\VisualStudio\Chapter-9\Debug\link.3552.read.1.tlog
C:\Users\AggelogTowerStation\Desktop\TEST-1-\glGA-StudentEdition\glGA\_platforms\VisualStudio\Chapter-9\Debug\link.3552.write.1.tlog
C:\Users\AggelogTowerStation\Desktop\TEST-1-\glGA-StudentEdition\glGA\_platforms\VisualStudio\Chapter-9\Debug\link.3800-cvtres.read.1.tlog
C:\Users\AggelogTowerStation\Desktop\TEST-1-\glGA-StudentEdition\glGA\_platforms\VisualStudio\Chapter-9\Debug\link.3800-cvtres.write.1.tlog
C:\Users\AggelogTowerStation\Desktop\TEST-1-\glGA-StudentEdition\glGA\_platforms\VisualStudio\Chapter-9\Debug\link.3800-rc.read.1.tlog
C:\Users\AggelogTowerStation\Desktop\TEST-1-\glGA-StudentEdition\glGA\_platforms\VisualStudio\Chapter-9\Debug\link.3800-rc.write.1.tlog
C:\Users\AggelogTowerStation\Desktop\TEST-1-\glGA-StudentEdition\glGA\_platforms\VisualStudio\Chapter-9\Debug\link.3800.read.1.tlog
C:\Users\AggelogTowerStation\Desktop\TEST-1-\glGA-StudentEdition\glGA\_platforms\VisualStudio\Chapter-9\Debug\link.3800.write.1.tlog
C:\Users\AggelogTowerStation\Desktop\TEST-1-\glGA-StudentEdition\glGA\_platforms\VisualStudio\Chapter-9\Debug\link.3856-cvtres.read.1.tlog
C:\Users\AggelogTowerStation\Desktop\TEST-1-\glGA-StudentEdition\glGA\_platforms\VisualStudio\Chapter-9\Debug\link.3856-cvtres.write.1.tlog
C:\Users\AggelogTowerStation\Desktop\TEST-1-\glGA-StudentEdition\glGA\_platforms\VisualStudio\Chapter-9\Debug\link.3856-rc.read.1.tlog
C:\Users\AggelogTowerStation\Desktop\TEST-1-\glGA-StudentEdition\glGA\_platforms\VisualStudio\Chapter-9\Debug\link.3856-rc.write.1.tlog
C:\Users\AggelogTowerStation\Desktop\TEST-1-\glGA-StudentEdition\glGA\_platforms\VisualStudio\Chapter-9\Debug\link.3856.read.1.tlog
C:\Users\AggelogTowerStation\Desktop\TEST-1-\glGA-StudentEdition\glGA\_platforms\VisualStudio\Chapter-9\Debug\link.3856.write.1.tlog
C:\Users\AggelogTowerStation\Desktop\TEST-1-\glGA-StudentEdition\glGA\_platforms\VisualStudio\Chapter-9\Debug\link.3920-cvtres.read.1.tlog
C:\Users\AggelogTowerStation\Desktop\TEST-1-\glGA-StudentEdition\glGA\_platforms\VisualStudio\Chapter-9\Debug\link.3920-cvtres.write.1.tlog
C:\Users\AggelogTowerStation\Desktop\TEST-1-\glGA-StudentEdition\glGA\_platforms\VisualStudio\Chapter-9\Debug\link.3920-rc.read.1.tlog
C:\Users\AggelogTowerStation\Desktop\TEST-1-\glGA-StudentEdition\glGA\_platforms\VisualStudio\Chapter-9\Debug\link.3920-rc.write.1.tlog
C:\Users\AggelogTowerStation\Desktop\TEST-1-\glGA-StudentEdition\glGA\_platforms\VisualStudio\Chapter-9\Debug\link.3920.read.1.tlog
C:\Users\AggelogTowerStation\Desktop\TEST-1-\glGA-StudentEdition\glGA\_platforms\VisualStudio\Chapter-9\Debug\link.3920.write.1.tlog
C:\Users\AggelogTowerStation\Desktop\TEST-1-\glGA-StudentEdition\glGA\_platforms\VisualStudio\Chapter-9\Debug\link.3944-cvtres.read.1.tlog
C:\Users\AggelogTowerStation\Desktop\TEST-1-\glGA-StudentEdition\glGA\_platforms\VisualStudio\Chapter-9\Debug\link.3944-cvtres.write.1.tlog
C:\Users\AggelogTowerStation\Desktop\TEST-1-\glGA-StudentEdition\glGA\_platforms\VisualStudio\Chapter-9\Debug\link.3944-rc.read.1.tlog
C:\Users\AggelogTowerStation\Desktop\TEST-1-\glGA-StudentEdition\glGA\_platforms\VisualStudio\Chapter-9\Debug\link.3944-rc.write.1.tlog
C:\Users\AggelogTowerStation\Desktop\TEST-1-\glGA-StudentEdition\glGA\_platforms\VisualStudio\Chapter-9\Debug\link.3944.read.1.tlog
C:\Users\AggelogTowerStation\Desktop\TEST-1-\glGA-StudentEdition\glGA\_platforms\VisualStudio\Chapter-9\Debug\link.3944.write.1.tlog
C:\Users\AggelogTowerStation\Desktop\TEST-1-\glGA-StudentEdition\glGA\_platforms\VisualStudio\Chapter-9\Debug\link.3976-cvtres.read.1.tlog
C:\Users\AggelogTowerStation\Desktop\TEST-1-\glGA-StudentEdition\glGA\_platforms\VisualStudio\Chapter-9\Debug\link.3976-cvtres.write.1.tlog
C:\Users\AggelogTowerStation\Desktop\TEST-1-\glGA-StudentEdition\glGA\_platforms\VisualStudio\Chapter-9\Debug\link.3976-rc.read.1.tlog
C:\Users\AggelogTowerStation\Desktop\TEST-1-\glGA-StudentEdition\glGA\_platforms\VisualStudio\Chapter-9\Debug\link.3976-rc.write.1.tlog
C:\Users\AggelogTowerStation\Desktop\TEST-1-\glGA-StudentEdition\glGA\_platforms\VisualStudio\Chapter-9\Debug\link.3976.read.1.tlog
C:\Users\AggelogTowerStation\Desktop\TEST-1-\glGA-StudentEdition\glGA\_platforms\VisualStudio\Chapter-9\Debug\link.3976.write.1.tlog
C:\Users\AggelogTowerStation\Desktop\TEST-1-\glGA-StudentEdition\glGA\_platforms\VisualStudio\Chapter-9\Debug\link.400-cvtres.read.1.tlog
C:\Users\AggelogTowerStation\Desktop\TEST-1-\glGA-StudentEdition\glGA\_platforms\VisualStudio\Chapter-9\Debug\link.400-cvtres.write.1.tlog
C:\Users\AggelogTowerStation\Desktop\TEST-1-\glGA-StudentEdition\glGA\_platforms\VisualStudio\Chapter-9\Debug\link.400-rc.read.1.tlog
C:\Users\AggelogTowerStation\Desktop\TEST-1-\glGA-StudentEdition\glGA\_platforms\VisualStudio\Chapter-9\Debug\link.400-rc.write.1.tlog
C:\Users\AggelogTowerStation\Desktop\TEST-1-\glGA-StudentEdition\glGA\_platforms\VisualStudio\Chapter-9\Debug\link.400.read.1.tlog
C:\Users\AggelogTowerStation\Desktop\TEST-1-\glGA-StudentEdition\glGA\_platforms\VisualStudio\Chapter-9\Debug\link.400.write.1.tlog
C:\Users\AggelogTowerStation\Desktop\TEST-1-\glGA-StudentEdition\glGA\_platforms\VisualStudio\Chapter-9\Debug\link.4044-cvtres.read.1.tlog
C:\Users\AggelogTowerStation\Desktop\TEST-1-\glGA-StudentEdition\glGA\_platforms\VisualStudio\Chapter-9\Debug\link.4044-cvtres.write.1.tlog
C:\Users\AggelogTowerStation\Desktop\TEST-1-\glGA-StudentEdition\glGA\_platforms\VisualStudio\Chapter-9\Debug\link.4044-rc.read.1.tlog
C:\Users\AggelogTowerStation\Desktop\TEST-1-\glGA-StudentEdition\glGA\_platforms\VisualStudio\Chapter-9\Debug\link.4044-rc.write.1.tlog
C:\Users\AggelogTowerStation\Desktop\TEST-1-\glGA-StudentEdition\glGA\_platforms\VisualStudio\Chapter-9\Debug\link.4044.read.1.tlog
C:\Users\AggelogTowerStation\Desktop\TEST-1-\glGA-StudentEdition\glGA\_platforms\VisualStudio\Chapter-9\Debug\link.4044.write.1.tlog
C:\Users\AggelogTowerStation\Desktop\TEST-1-\glGA-StudentEdition\glGA\_platforms\VisualStudio\Chapter-9\Debug\link.4408-cvtres.read.1.tlog
C:\Users\AggelogTowerStation\Desktop\TEST-1-\glGA-StudentEdition\glGA\_platforms\VisualStudio\Chapter-9\Debug\link.4408-cvtres.write.1.tlog
C:\Users\AggelogTowerStation\Desktop\TEST-1-\glGA-StudentEdition\glGA\_platforms\VisualStudio\Chapter-9\Debug\link.4408-rc.read.1.tlog
C:\Users\AggelogTowerStation\Desktop\TEST-1-\glGA-StudentEdition\glGA\_platforms\VisualStudio\Chapter-9\Debug\link.4408-rc.write.1.tlog
C:\Users\AggelogTowerStation\Desktop\TEST-1-\glGA-StudentEdition\glGA\_platforms\VisualStudio\Chapter-9\Debug\link.4408.read.1.tlog
C:\Users\AggelogTowerStation\Desktop\TEST-1-\glGA-StudentEdition\glGA\_platforms\VisualStudio\Chapter-9\Debug\link.4408.write.1.tlog
C:\Users\AggelogTowerStation\Desktop\TEST-1-\glGA-StudentEdition\glGA\_platforms\VisualStudio\Chapter-9\Debug\link.4456-cvtres.read.1.tlog
C:\Users\AggelogTowerStation\Desktop\TEST-1-\glGA-StudentEdition\glGA\_platforms\VisualStudio\Chapter-9\Debug\link.4456-cvtres.write.1.tlog
C:\Users\AggelogTowerStation\Desktop\TEST-1-\glGA-StudentEdition\glGA\_platforms\VisualStudio\Chapter-9\Debug\link.4456-rc.read.1.tlog
C:\Users\AggelogTowerStation\Desktop\TEST-1-\glGA-StudentEdition\glGA\_platforms\VisualStudio\Chapter-9\Debug\link.4456-rc.write.1.tlog
C:\Users\AggelogTowerStation\Desktop\TEST-1-\glGA-StudentEdition\glGA\_platforms\VisualStudio\Chapter-9\Debug\link.4456.read.1.tlog
C:\Users\AggelogTowerStation\Desktop\TEST-1-\glGA-StudentEdition\glGA\_platforms\VisualStudio\Chapter-9\Debug\link.4456.write.1.tlog
C:\Users\AggelogTowerStation\Desktop\TEST-1-\glGA-StudentEdition\glGA\_platforms\VisualStudio\Chapter-9\Debug\link.4476-cvtres.read.1.tlog
C:\Users\AggelogTowerStation\Desktop\TEST-1-\glGA-StudentEdition\glGA\_platforms\VisualStudio\Chapter-9\Debug\link.4476-cvtres.write.1.tlog
C:\Users\AggelogTowerStation\Desktop\TEST-1-\glGA-StudentEdition\glGA\_platforms\VisualStudio\Chapter-9\Debug\link.4476-rc.read.1.tlog
C:\Users\AggelogTowerStation\Desktop\TEST-1-\glGA-StudentEdition\glGA\_platforms\VisualStudio\Chapter-9\Debug\link.4476-rc.write.1.tlog
C:\Users\AggelogTowerStation\Desktop\TEST-1-\glGA-StudentEdition\glGA\_platforms\VisualStudio\Chapter-9\Debug\link.4476.read.1.tlog
C:\Users\AggelogTowerStation\Desktop\TEST-1-\glGA-StudentEdition\glGA\_platforms\VisualStudio\Chapter-9\Debug\link.4476.write.1.tlog
C:\Users\AggelogTowerStation\Desktop\TEST-1-\glGA-StudentEdition\glGA\_platforms\VisualStudio\Chapter-9\Debug\link.4532-cvtres.read.1.tlog
C:\Users\AggelogTowerStation\Desktop\TEST-1-\glGA-StudentEdition\glGA\_platforms\VisualStudio\Chapter-9\Debug\link.4532-cvtres.write.1.tlog
C:\Users\AggelogTowerStation\Desktop\TEST-1-\glGA-StudentEdition\glGA\_platforms\VisualStudio\Chapter-9\Debug\link.4532-rc.read.1.tlog
C:\Users\AggelogTowerStation\Desktop\TEST-1-\glGA-StudentEdition\glGA\_platforms\VisualStudio\Chapter-9\Debug\link.4532-rc.write.1.tlog
C:\Users\AggelogTowerStation\Desktop\TEST-1-\glGA-StudentEdition\glGA\_platforms\VisualStudio\Chapter-9\Debug\link.4532.read.1.tlog
C:\Users\AggelogTowerStation\Desktop\TEST-1-\glGA-StudentEdition\glGA\_platforms\VisualStudio\Chapter-9\Debug\link.4532.write.1.tlog
C:\Users\AggelogTowerStation\Desktop\TEST-1-\glGA-StudentEdition\glGA\_platforms\VisualStudio\Chapter-9\Debug\link.4536-cvtres.read.1.tlog
C:\Users\AggelogTowerStation\Desktop\TEST-1-\glGA-StudentEdition\glGA\_platforms\VisualStudio\Chapter-9\Debug\link.4536-cvtres.write.1.tlog
C:\Users\AggelogTowerStation\Desktop\TEST-1-\glGA-StudentEdition\glGA\_platforms\VisualStudio\Chapter-9\Debug\link.4536-rc.read.1.tlog
C:\Users\AggelogTowerStation\Desktop\TEST-1-\glGA-StudentEdition\glGA\_platforms\VisualStudio\Chapter-9\Debug\link.4536-rc.write.1.tlog
C:\Users\AggelogTowerStation\Desktop\TEST-1-\glGA-StudentEdition\glGA\_platforms\VisualStudio\Chapter-9\Debug\link.4536.read.1.tlog
C:\Users\AggelogTowerStation\Desktop\TEST-1-\glGA-StudentEdition\glGA\_platforms\VisualStudio\Chapter-9\Debug\link.4536.write.1.tlog
C:\Users\AggelogTowerStation\Desktop\TEST-1-\glGA-StudentEdition\glGA\_platforms\VisualStudio\Chapter-9\Debug\link.4652-cvtres.read.1.tlog
C:\Users\AggelogTowerStation\Desktop\TEST-1-\glGA-StudentEdition\glGA\_platforms\VisualStudio\Chapter-9\Debug\link.4652-cvtres.write.1.tlog
C:\Users\AggelogTowerStation\Desktop\TEST-1-\glGA-StudentEdition\glGA\_platforms\VisualStudio\Chapter-9\Debug\link.4652-rc.read.1.tlog
C:\Users\AggelogTowerStation\Desktop\TEST-1-\glGA-StudentEdition\glGA\_platforms\VisualStudio\Chapter-9\Debug\link.4652-rc.write.1.tlog
C:\Users\AggelogTowerStation\Desktop\TEST-1-\glGA-StudentEdition\glGA\_platforms\VisualStudio\Chapter-9\Debug\link.4652.read.1.tlog
C:\Users\AggelogTowerStation\Desktop\TEST-1-\glGA-StudentEdition\glGA\_platforms\VisualStudio\Chapter-9\Debug\link.4652.write.1.tlog
C:\Users\AggelogTowerStation\Desktop\TEST-1-\glGA-StudentEdition\glGA\_platforms\VisualStudio\Chapter-9\Debug\link.4664-cvtres.read.1.tlog
C:\Users\AggelogTowerStation\Desktop\TEST-1-\glGA-StudentEdition\glGA\_platforms\VisualStudio\Chapter-9\Debug\link.4664-cvtres.write.1.tlog
C:\Users\AggelogTowerStation\Desktop\TEST-1-\glGA-StudentEdition\glGA\_platforms\VisualStudio\Chapter-9\Debug\link.4664-rc.read.1.tlog
C:\Users\AggelogTowerStation\Desktop\TEST-1-\glGA-StudentEdition\glGA\_platforms\VisualStudio\Chapter-9\Debug\link.4664-rc.write.1.tlog
C:\Users\AggelogTowerStation\Desktop\TEST-1-\glGA-StudentEdition\glGA\_platforms\VisualStudio\Chapter-9\Debug\link.4664.read.1.tlog
C:\Users\AggelogTowerStation\Desktop\TEST-1-\glGA-StudentEdition\glGA\_platforms\VisualStudio\Chapter-9\Debug\link.4664.write.1.tlog
C:\Users\AggelogTowerStation\Desktop\TEST-1-\glGA-StudentEdition\glGA\_platforms\VisualStudio\Chapter-9\Debug\link.4768-cvtres.read.1.tlog
C:\Users\AggelogTowerStation\Desktop\TEST-1-\glGA-StudentEdition\glGA\_platforms\VisualStudio\Chapter-9\Debug\link.4768-cvtres.write.1.tlog
C:\Users\AggelogTowerStation\Desktop\TEST-1-\glGA-StudentEdition\glGA\_platforms\VisualStudio\Chapter-9\Debug\link.4768-rc.read.1.tlog
C:\Users\AggelogTowerStation\Desktop\TEST-1-\glGA-StudentEdition\glGA\_platforms\VisualStudio\Chapter-9\Debug\link.4768-rc.write.1.tlog
C:\Users\AggelogTowerStation\Desktop\TEST-1-\glGA-StudentEdition\glGA\_platforms\VisualStudio\Chapter-9\Debug\link.4768.read.1.tlog
C:\Users\AggelogTowerStation\Desktop\TEST-1-\glGA-StudentEdition\glGA\_platforms\VisualStudio\Chapter-9\Debug\link.4768.write.1.tlog
C:\Users\AggelogTowerStation\Desktop\TEST-1-\glGA-StudentEdition\glGA\_platforms\VisualStudio\Chapter-9\Debug\link.4872-cvtres.read.1.tlog
C:\Users\AggelogTowerStation\Desktop\TEST-1-\glGA-StudentEdition\glGA\_platforms\VisualStudio\Chapter-9\Debug\link.4872-cvtres.write.1.tlog
C:\Users\AggelogTowerStation\Desktop\TEST-1-\glGA-StudentEdition\glGA\_platforms\VisualStudio\Chapter-9\Debug\link.4872-rc.read.1.tlog
C:\Users\AggelogTowerStation\Desktop\TEST-1-\glGA-StudentEdition\glGA\_platforms\VisualStudio\Chapter-9\Debug\link.4872-rc.write.1.tlog
C:\Users\AggelogTowerStation\Desktop\TEST-1-\glGA-StudentEdition\glGA\_platforms\VisualStudio\Chapter-9\Debug\link.4872.read.1.tlog
C:\Users\AggelogTowerStation\Desktop\TEST-1-\glGA-StudentEdition\glGA\_platforms\VisualStudio\Chapter-9\Debug\link.4872.write.1.tlog
C:\Users\AggelogTowerStation\Desktop\TEST-1-\glGA-StudentEdition\glGA\_platforms\VisualStudio\Chapter-9\Debug\link.500-cvtres.read.1.tlog
C:\Users\AggelogTowerStation\Desktop\TEST-1-\glGA-StudentEdition\glGA\_platforms\VisualStudio\Chapter-9\Debug\link.500-cvtres.write.1.tlog
C:\Users\AggelogTowerStation\Desktop\TEST-1-\glGA-StudentEdition\glGA\_platforms\VisualStudio\Chapter-9\Debug\link.500-rc.read.1.tlog
C:\Users\AggelogTowerStation\Desktop\TEST-1-\glGA-StudentEdition\glGA\_platforms\VisualStudio\Chapter-9\Debug\link.500-rc.write.1.tlog
C:\Users\AggelogTowerStation\Desktop\TEST-1-\glGA-StudentEdition\glGA\_platforms\VisualStudio\Chapter-9\Debug\link.500.read.1.tlog
C:\Users\AggelogTowerStation\Desktop\TEST-1-\glGA-StudentEdition\glGA\_platforms\VisualStudio\Chapter-9\Debug\link.500.write.1.tlog
C:\Users\AggelogTowerStation\Desktop\TEST-1-\glGA-StudentEdition\glGA\_platforms\VisualStudio\Chapter-9\Debug\link.5184-cvtres.read.1.tlog
C:\Users\AggelogTowerStation\Desktop\TEST-1-\glGA-StudentEdition\glGA\_platforms\VisualStudio\Chapter-9\Debug\link.5184-cvtres.write.1.tlog
C:\Users\AggelogTowerStation\Desktop\TEST-1-\glGA-StudentEdition\glGA\_platforms\VisualStudio\Chapter-9\Debug\link.5184-rc.read.1.tlog
C:\Users\AggelogTowerStation\Desktop\TEST-1-\glGA-StudentEdition\glGA\_platforms\VisualStudio\Chapter-9\Debug\link.5184-rc.write.1.tlog
C:\Users\AggelogTowerStation\Desktop\TEST-1-\glGA-StudentEdition\glGA\_platforms\VisualStudio\Chapter-9\Debug\link.5184.read.1.tlog
C:\Users\AggelogTowerStation\Desktop\TEST-1-\glGA-StudentEdition\glGA\_platforms\VisualStudio\Chapter-9\Debug\link.5184.write.1.tlog
C:\Users\AggelogTowerStation\Desktop\TEST-1-\glGA-StudentEdition\glGA\_platforms\VisualStudio\Chapter-9\Debug\link.5376-cvtres.read.1.tlog
C:\Users\AggelogTowerStation\Desktop\TEST-1-\glGA-StudentEdition\glGA\_platforms\VisualStudio\Chapter-9\Debug\link.5376-cvtres.write.1.tlog
C:\Users\AggelogTowerStation\Desktop\TEST-1-\glGA-StudentEdition\glGA\_platforms\VisualStudio\Chapter-9\Debug\link.5376-rc.read.1.tlog
C:\Users\AggelogTowerStation\Desktop\TEST-1-\glGA-StudentEdition\glGA\_platforms\VisualStudio\Chapter-9\Debug\link.5376-rc.write.1.tlog
C:\Users\AggelogTowerStation\Desktop\TEST-1-\glGA-StudentEdition\glGA\_platforms\VisualStudio\Chapter-9\Debug\link.5376.read.1.tlog
C:\Users\AggelogTowerStation\Desktop\TEST-1-\glGA-StudentEdition\glGA\_platforms\VisualStudio\Chapter-9\Debug\link.5376.write.1.tlog
C:\Users\AggelogTowerStation\Desktop\TEST-1-\glGA-StudentEdition\glGA\_platforms\VisualStudio\Chapter-9\Debug\link.5464-cvtres.read.1.tlog
C:\Users\AggelogTowerStation\Desktop\TEST-1-\glGA-StudentEdition\glGA\_platforms\VisualStudio\Chapter-9\Debug\link.5464-cvtres.write.1.tlog
C:\Users\AggelogTowerStation\Desktop\TEST-1-\glGA-StudentEdition\glGA\_platforms\VisualStudio\Chapter-9\Debug\link.5464-rc.read.1.tlog
C:\Users\AggelogTowerStation\Desktop\TEST-1-\glGA-StudentEdition\glGA\_platforms\VisualStudio\Chapter-9\Debug\link.5464-rc.write.1.tlog
C:\Users\AggelogTowerStation\Desktop\TEST-1-\glGA-StudentEdition\glGA\_platforms\VisualStudio\Chapter-9\Debug\link.5464.read.1.tlog
C:\Users\AggelogTowerStation\Desktop\TEST-1-\glGA-StudentEdition\glGA\_platforms\VisualStudio\Chapter-9\Debug\link.5464.write.1.tlog
C:\Users\AggelogTowerStation\Desktop\TEST-1-\glGA-StudentEdition\glGA\_platforms\VisualStudio\Chapter-9\Debug\link.5600-cvtres.read.1.tlog
C:\Users\AggelogTowerStation\Desktop\TEST-1-\glGA-StudentEdition\glGA\_platforms\VisualStudio\Chapter-9\Debug\link.5600-cvtres.write.1.tlog
C:\Users\AggelogTowerStation\Desktop\TEST-1-\glGA-StudentEdition\glGA\_platforms\VisualStudio\Chapter-9\Debug\link.5600-rc.read.1.tlog
C:\Users\AggelogTowerStation\Desktop\TEST-1-\glGA-StudentEdition\glGA\_platforms\VisualStudio\Chapter-9\Debug\link.5600-rc.write.1.tlog
C:\Users\AggelogTowerStation\Desktop\TEST-1-\glGA-StudentEdition\glGA\_platforms\VisualStudio\Chapter-9\Debug\link.5600.read.1.tlog
C:\Users\AggelogTowerStation\Desktop\TEST-1-\glGA-StudentEdition\glGA\_platforms\VisualStudio\Chapter-9\Debug\link.5600.write.1.tlog
C:\Users\AggelogTowerStation\Desktop\TEST-1-\glGA-StudentEdition\glGA\_platforms\VisualStudio\Chapter-9\Debug\link.744-cvtres.read.1.tlog
C:\Users\AggelogTowerStation\Desktop\TEST-1-\glGA-StudentEdition\glGA\_platforms\VisualStudio\Chapter-9\Debug\link.744-cvtres.write.1.tlog
C:\Users\AggelogTowerStation\Desktop\TEST-1-\glGA-StudentEdition\glGA\_platforms\VisualStudio\Chapter-9\Debug\link.744-rc.read.1.tlog
C:\Users\AggelogTowerStation\Desktop\TEST-1-\glGA-StudentEdition\glGA\_platforms\VisualStudio\Chapter-9\Debug\link.744-rc.write.1.tlog
C:\Users\AggelogTowerStation\Desktop\TEST-1-\glGA-StudentEdition\glGA\_platforms\VisualStudio\Chapter-9\Debug\link.744.read.1.tlog
C:\Users\AggelogTowerStation\Desktop\TEST-1-\glGA-StudentEdition\glGA\_platforms\VisualStudio\Chapter-9\Debug\link.744.write.1.tlog
C:\Users\AggelogTowerStation\Desktop\TEST-1-\glGA-StudentEdition\glGA\_platforms\VisualStudio\Chapter-9\Debug\link.748-cvtres.read.1.tlog
C:\Users\AggelogTowerStation\Desktop\TEST-1-\glGA-StudentEdition\glGA\_platforms\VisualStudio\Chapter-9\Debug\link.748-cvtres.write.1.tlog
C:\Users\AggelogTowerStation\Desktop\TEST-1-\glGA-StudentEdition\glGA\_platforms\VisualStudio\Chapter-9\Debug\link.748-rc.read.1.tlog
C:\Users\AggelogTowerStation\Desktop\TEST-1-\glGA-StudentEdition\glGA\_platforms\VisualStudio\Chapter-9\Debug\link.748-rc.write.1.tlog
C:\Users\AggelogTowerStation\Desktop\TEST-1-\glGA-StudentEdition\glGA\_platforms\VisualStudio\Chapter-9\Debug\link.748.read.1.tlog
C:\Users\AggelogTowerStation\Desktop\TEST-1-\glGA-StudentEdition\glGA\_platforms\VisualStudio\Chapter-9\Debug\link.748.write.1.tlog
C:\Users\AggelogTowerStation\Desktop\TEST-1-\glGA-StudentEdition\glGA\_platforms\VisualStudio\Chapter-9\Debug\link.832-cvtres.read.1.tlog
C:\Users\AggelogTowerStation\Desktop\TEST-1-\glGA-StudentEdition\glGA\_platforms\VisualStudio\Chapter-9\Debug\link.832-cvtres.write.1.tlog
C:\Users\AggelogTowerStation\Desktop\TEST-1-\glGA-StudentEdition\glGA\_platforms\VisualStudio\Chapter-9\Debug\link.832-rc.read.1.tlog
C:\Users\AggelogTowerStation\Desktop\TEST-1-\glGA-StudentEdition\glGA\_platforms\VisualStudio\Chapter-9\Debug\link.832-rc.write.1.tlog
C:\Users\AggelogTowerStation\Desktop\TEST-1-\glGA-StudentEdition\glGA\_platforms\VisualStudio\Chapter-9\Debug\link.832.read.1.tlog
C:\Users\AggelogTowerStation\Desktop\TEST-1-\glGA-StudentEdition\glGA\_platforms\VisualStudio\Chapter-9\Debug\link.832.write.1.tlog
C:\Users\AggelogTowerStation\Desktop\TEST-1-\glGA-StudentEdition\glGA\_platforms\VisualStudio\Chapter-9\Debug\link.836-cvtres.read.1.tlog
C:\Users\AggelogTowerStation\Desktop\TEST-1-\glGA-StudentEdition\glGA\_platforms\VisualStudio\Chapter-9\Debug\link.836-cvtres.write.1.tlog
C:\Users\AggelogTowerStation\Desktop\TEST-1-\glGA-StudentEdition\glGA\_platforms\VisualStudio\Chapter-9\Debug\link.836-rc.read.1.tlog
C:\Users\AggelogTowerStation\Desktop\TEST-1-\glGA-StudentEdition\glGA\_platforms\VisualStudio\Chapter-9\Debug\link.836-rc.write.1.tlog
C:\Users\AggelogTowerStation\Desktop\TEST-1-\glGA-StudentEdition\glGA\_platforms\VisualStudio\Chapter-9\Debug\link.836.read.1.tlog
C:\Users\AggelogTowerStation\Desktop\TEST-1-\glGA-StudentEdition\glGA\_platforms\VisualStudio\Chapter-9\Debug\link.836.write.1.tlog
C:\Users\AggelogTowerStation\Desktop\TEST-1-\glGA-StudentEdition\glGA\_platforms\VisualStudio\Chapter-9\Debug\link.command.1.tlog
C:\Users\AggelogTowerStation\Desktop\TEST-1-\glGA-StudentEdition\glGA\_platforms\VisualStudio\Chapter-9\Debug\link.read.1.tlog
C:\Users\AggelogTowerStation\Desktop\TEST-1-\glGA-StudentEdition\glGA\_platforms\VisualStudio\Chapter-9\Debug\link.write.1.tlog
C:\Users\AggelogTowerStation\Desktop\TEST-1-\glGA-StudentEdition\glGA\_platforms\VisualStudio\Chapter-9\Debug\vc110.idb
C:\Users\AggelogTowerStation\Desktop\TEST-1-\glGA-StudentEdition\glGA\_platforms\VisualStudio\Chapter-9\Debug\vc110.pdb
C:\Users\AggelogTowerStation\Desktop\TEST-1-\glGA-StudentEdition\glGA\_platforms\VisualStudio\Chapter-9\Debug\Chapter-9.sbr
C:\Users\AggelogTowerStation\Desktop\TEST-1-\glGA-StudentEdition\glGA\_platforms\VisualStudio\Chapter-9\Debug\glGAHelper.sbr
C:\Users\AggelogTowerStation\Desktop\TEST-1-\glGA-StudentEdition\glGA\_platforms\VisualStudio\Chapter-9\Debug\glGAMesh.sbr
C:\Users\AggelogTowerStation\Desktop\TEST-1-\glGA-StudentEdition\glGA\_platforms\VisualStudio\glGA\Debug\Chapter-9.pdb
C:\Users\AggelogTowerStation\Desktop\TEST-1-\glGA-StudentEdition\glGA\_platforms\VisualStudio\glGA\Debug\Chapter-9.exe
C:\Users\AggelogTowerStation\Desktop\TEST-1-\glGA-StudentEdition\glGA\_platforms\VisualStudio\glGA\Debug\Chapter-9.bsc
C:\Users\AggelogTowerStation\Desktop\TEST-1-\glGA-StudentEdition\glGA\_platforms\VisualStudio\glGA\Debug\Chapter-9.ilk
