../../bin/visualinfod.pdb
C:\TEMP\USERS\GP\GLGA\_THIRDPARTYLIBS\GLEW-1.9.0\BIN\GLEWINFOD.EXE
C:\TEMP\USERS\GP\GLGA\_THIRDPARTYLIBS\GLEW-1.9.0\BIN\GLEWINFOD.PDB
C:\TEMP\USERS\GP\GLGA\_THIRDPARTYLIBS\GLEW-1.9.0\BIN\VISUALINFOD.EXE
C:\TEMP\USERS\GP\GLGA\_THIRDPARTYLIBS\GLEW-1.9.0\BIN\VISUALINFOD.PDB
C:\Temp\Users\GP\glGA\_thirdPartyLibs\glew-1.9.0\build\vc10\../../bin/visualinfod.exe
C:\Temp\Users\GP\glGA\_thirdPartyLibs\glew-1.9.0\build\vc10\static\debug\cl.command.1.tlog
C:\Temp\Users\GP\glGA\_thirdPartyLibs\glew-1.9.0\build\vc10\static\debug\CL.read.1.tlog
C:\Temp\Users\GP\glGA\_thirdPartyLibs\glew-1.9.0\build\vc10\static\debug\CL.write.1.tlog
C:\TEMP\USERS\GP\GLGA\_THIRDPARTYLIBS\GLEW-1.9.0\BUILD\VC10\STATIC\DEBUG\GLEW.OBJ
C:\TEMP\USERS\GP\GLGA\_THIRDPARTYLIBS\GLEW-1.9.0\BUILD\VC10\STATIC\DEBUG\GLEW.RES
C:\TEMP\USERS\GP\GLGA\_THIRDPARTYLIBS\GLEW-1.9.0\BUILD\VC10\STATIC\DEBUG\GLEWINFO.OBJ
C:\TEMP\USERS\GP\GLGA\_THIRDPARTYLIBS\GLEW-1.9.0\BUILD\VC10\STATIC\DEBUG\GLEWINFO.RES
C:\TEMP\USERS\GP\GLGA\_THIRDPARTYLIBS\GLEW-1.9.0\BUILD\VC10\STATIC\DEBUG\GLEWINFOD.EXE.INTERMEDIATE.MANIFEST
C:\Temp\Users\GP\glGA\_thirdPartyLibs\glew-1.9.0\build\vc10\static\debug\lib.command.1.tlog
C:\Temp\Users\GP\glGA\_thirdPartyLibs\glew-1.9.0\build\vc10\static\debug\Lib-link.read.1.tlog
C:\Temp\Users\GP\glGA\_thirdPartyLibs\glew-1.9.0\build\vc10\static\debug\Lib-link.write.1.tlog
C:\Temp\Users\GP\glGA\_thirdPartyLibs\glew-1.9.0\build\vc10\static\debug\Lib-link-cvtres.read.1.tlog
C:\Temp\Users\GP\glGA\_thirdPartyLibs\glew-1.9.0\build\vc10\static\debug\Lib-link-cvtres.write.1.tlog
C:\Temp\Users\GP\glGA\_thirdPartyLibs\glew-1.9.0\build\vc10\static\debug\link.command.1.tlog
C:\Temp\Users\GP\glGA\_thirdPartyLibs\glew-1.9.0\build\vc10\static\debug\link.read.1.tlog
C:\Temp\Users\GP\glGA\_thirdPartyLibs\glew-1.9.0\build\vc10\static\debug\link.write.1.tlog
C:\Temp\Users\GP\glGA\_thirdPartyLibs\glew-1.9.0\build\vc10\static\debug\link-cvtres.read.1.tlog
C:\Temp\Users\GP\glGA\_thirdPartyLibs\glew-1.9.0\build\vc10\static\debug\link-cvtres.write.1.tlog
C:\Temp\Users\GP\glGA\_thirdPartyLibs\glew-1.9.0\build\vc10\static\debug\mt.command.1.tlog
C:\Temp\Users\GP\glGA\_thirdPartyLibs\glew-1.9.0\build\vc10\static\debug\mt.read.1.tlog
C:\Temp\Users\GP\glGA\_thirdPartyLibs\glew-1.9.0\build\vc10\static\debug\mt.write.1.tlog
C:\Temp\Users\GP\glGA\_thirdPartyLibs\glew-1.9.0\build\vc10\static\debug\rc.command.1.tlog
C:\Temp\Users\GP\glGA\_thirdPartyLibs\glew-1.9.0\build\vc10\static\debug\rc.read.1.tlog
C:\Temp\Users\GP\glGA\_thirdPartyLibs\glew-1.9.0\build\vc10\static\debug\rc.write.1.tlog
C:\TEMP\USERS\GP\GLGA\_THIRDPARTYLIBS\GLEW-1.9.0\BUILD\VC10\STATIC\DEBUG\VC100.PDB
C:\TEMP\USERS\GP\GLGA\_THIRDPARTYLIBS\GLEW-1.9.0\BUILD\VC10\STATIC\DEBUG\VISUALINFO.OBJ
C:\TEMP\USERS\GP\GLGA\_THIRDPARTYLIBS\GLEW-1.9.0\BUILD\VC10\STATIC\DEBUG\VISUALINFO.RES
C:\TEMP\USERS\GP\GLGA\_THIRDPARTYLIBS\GLEW-1.9.0\BUILD\VC10\STATIC\DEBUG\VISUALINFOD.EXE.INTERMEDIATE.MANIFEST
C:\TEMP\USERS\GP\GLGA\_THIRDPARTYLIBS\GLEW-1.9.0\LIB\GLEW32SD.LIB
