Build started 10/24/2012 5:12:23 PM.
     1>Project "C:\Temp\Users\GP\glGA\_thirdPartyLibs\glfw-2.7.6\support\msvc100\dynamic.vcxproj" on node 4 (build target(s)).
     1>InitializeBuildStatus:
         Creating "Debug\dynamic.unsuccessfulbuild" because "AlwaysCreate" was specified.
       ClCompile:
         All outputs are up-to-date.
       ManifestResourceCompile:
         All outputs are up-to-date.
       Link:
         C:\Program Files\Microsoft Visual Studio 10.0\VC\bin\link.exe /ERRORREPORT:PROMPT /OUT:"C:\Temp\Users\GP\glGA\_thirdPartyLibs\glfw-2.7.6\support\msvc100\..\..\tests\dynamic_debug.exe" /INCREMENTAL /NOLOGO opengl32.lib kernel32.lib user32.lib gdi32.lib winspool.lib comdlg32.lib advapi32.lib shell32.lib ole32.lib oleaut32.lib uuid.lib odbc32.lib odbccp32.lib /MANIFEST /ManifestFile:"Debug\dynamic_debug.exe.intermediate.manifest" /MANIFESTUAC:"level='asInvoker' uiAccess='false'" /DEBUG /PDB:"C:\Temp\Users\GP\glGA\_thirdPartyLibs\glfw-2.7.6\tests\dynamic_debug.pdb" /SUBSYSTEM:WINDOWS /TLBID:1 /ENTRY:"mainCRTStartup" /DYNAMICBASE /NXCOMPAT /IMPLIB:"C:\Temp\Users\GP\glGA\_thirdPartyLibs\glfw-2.7.6\support\msvc100\..\..\tests\dynamic_debug.lib" /MACHINE:X86 Debug\dynamic_debug.exe.embed.manifest.res
         Debug\dynamic.obj
         "C:\Temp\Users\GP\glGA\_thirdPartyLibs\glfw-2.7.6\support\msvc100\Debug\GLFWDLL.lib"
       Manifest:
         C:\Program Files\Microsoft SDKs\Windows\v7.0A\bin\mt.exe /nologo /verbose /out:"Debug\dynamic_debug.exe.embed.manifest" /manifest Debug\dynamic_debug.exe.intermediate.manifest
         All outputs are up-to-date.
       LinkEmbedManifest:
         All outputs are up-to-date.
         dynamic.vcxproj -> C:\Temp\Users\GP\glGA\_thirdPartyLibs\glfw-2.7.6\support\msvc100\..\..\tests\dynamic_debug.exe
       FinalizeBuildStatus:
         Deleting file "Debug\dynamic.unsuccessfulbuild".
         Touching "Debug\dynamic.lastbuildstate".
     1>Done Building Project "C:\Temp\Users\GP\glGA\_thirdPartyLibs\glfw-2.7.6\support\msvc100\dynamic.vcxproj" (build target(s)).

Build succeeded.

Time Elapsed 00:00:06.67
