Build started 10/24/2012 5:12:19 PM.
     1>Project "C:\Temp\Users\GP\glGA\_thirdPartyLibs\glfw-2.7.6\support\msvc100\heightmap.vcxproj" on node 3 (build target(s)).
     1>InitializeBuildStatus:
         Touching "Debug\heightmap.unsuccessfulbuild".
       ClCompile:
         All outputs are up-to-date.
       ManifestResourceCompile:
         All outputs are up-to-date.
       Link:
         C:\Program Files\Microsoft Visual Studio 10.0\VC\bin\link.exe /ERRORREPORT:PROMPT /OUT:"C:\Temp\Users\GP\glGA\_thirdPartyLibs\glfw-2.7.6\support\msvc100\..\..\examples\heightmap_debug.exe" /INCREMENTAL /NOLOGO opengl32.lib kernel32.lib user32.lib gdi32.lib winspool.lib comdlg32.lib advapi32.lib shell32.lib ole32.lib oleaut32.lib uuid.lib odbc32.lib odbccp32.lib /MANIFEST /ManifestFile:"Debug\heightmap_debug.exe.intermediate.manifest" /MANIFESTUAC:"level='asInvoker' uiAccess='false'" /DEBUG /PDB:"C:\Temp\Users\GP\glGA\_thirdPartyLibs\glfw-2.7.6\examples\heightmap_debug.pdb" /SUBSYSTEM:WINDOWS /TLBID:1 /ENTRY:"mainCRTStartup" /DYNAMICBASE /NXCOMPAT /IMPLIB:"C:\Temp\Users\GP\glGA\_thirdPartyLibs\glfw-2.7.6\support\msvc100\..\..\examples\heightmap_debug.lib" /MACHINE:X86 Debug\heightmap_debug.exe.embed.manifest.res
         Debug\getopt.obj
         Debug\heightmap.obj
         "C:\Temp\Users\GP\glGA\_thirdPartyLibs\glfw-2.7.6\support\msvc100\Debug\GLFW.lib"
       Manifest:
         C:\Program Files\Microsoft SDKs\Windows\v7.0A\bin\mt.exe /nologo /verbose /out:"Debug\heightmap_debug.exe.embed.manifest" /manifest Debug\heightmap_debug.exe.intermediate.manifest
         All outputs are up-to-date.
       LinkEmbedManifest:
         C:\Program Files\Microsoft Visual Studio 10.0\VC\bin\link.exe /ERRORREPORT:PROMPT /OUT:"C:\Temp\Users\GP\glGA\_thirdPartyLibs\glfw-2.7.6\support\msvc100\..\..\examples\heightmap_debug.exe" /INCREMENTAL /NOLOGO opengl32.lib kernel32.lib user32.lib gdi32.lib winspool.lib comdlg32.lib advapi32.lib shell32.lib ole32.lib oleaut32.lib uuid.lib odbc32.lib odbccp32.lib /MANIFEST /ManifestFile:"Debug\heightmap_debug.exe.intermediate.manifest" /MANIFESTUAC:"level='asInvoker' uiAccess='false'" /DEBUG /PDB:"C:\Temp\Users\GP\glGA\_thirdPartyLibs\glfw-2.7.6\examples\heightmap_debug.pdb" /SUBSYSTEM:WINDOWS /TLBID:1 /ENTRY:"mainCRTStartup" /DYNAMICBASE /NXCOMPAT /IMPLIB:"C:\Temp\Users\GP\glGA\_thirdPartyLibs\glfw-2.7.6\support\msvc100\..\..\examples\heightmap_debug.lib" /MACHINE:X86 Debug\heightmap_debug.exe.embed.manifest.res
         Debug\getopt.obj
         Debug\heightmap.obj
         "C:\Temp\Users\GP\glGA\_thirdPartyLibs\glfw-2.7.6\support\msvc100\Debug\GLFW.lib"
         heightmap.vcxproj -> C:\Temp\Users\GP\glGA\_thirdPartyLibs\glfw-2.7.6\support\msvc100\..\..\examples\heightmap_debug.exe
       FinalizeBuildStatus:
         Deleting file "Debug\heightmap.unsuccessfulbuild".
         Touching "Debug\heightmap.lastbuildstate".
     1>Done Building Project "C:\Temp\Users\GP\glGA\_thirdPartyLibs\glfw-2.7.6\support\msvc100\heightmap.vcxproj" (build target(s)).

Build succeeded.

Time Elapsed 00:00:01.33
