Build started 10/24/2012 5:12:22 PM.
     1>Project "C:\Temp\Users\GP\glGA\_thirdPartyLibs\glfw-2.7.6\support\msvc100\iconify.vcxproj" on node 4 (build target(s)).
     1>InitializeBuildStatus:
         Creating "Debug\iconify.unsuccessfulbuild" because "AlwaysCreate" was specified.
       ClCompile:
         All outputs are up-to-date.
       ManifestResourceCompile:
         All outputs are up-to-date.
       Link:
         C:\Program Files\Microsoft Visual Studio 10.0\VC\bin\link.exe /ERRORREPORT:PROMPT /OUT:"C:\Temp\Users\GP\glGA\_thirdPartyLibs\glfw-2.7.6\support\msvc100\..\..\tests\iconify_debug.exe" /INCREMENTAL /NOLOGO opengl32.lib glu32.lib kernel32.lib user32.lib gdi32.lib winspool.lib comdlg32.lib advapi32.lib shell32.lib ole32.lib oleaut32.lib uuid.lib odbc32.lib odbccp32.lib /MANIFEST /ManifestFile:"Debug\iconify_debug.exe.intermediate.manifest" /MANIFESTUAC:"level='asInvoker' uiAccess='false'" /DEBUG /PDB:"C:\Temp\Users\GP\glGA\_thirdPartyLibs\glfw-2.7.6\tests\iconify_debug.pdb" /SUBSYSTEM:CONSOLE /TLBID:1 /ENTRY:"mainCRTStartup" /DYNAMICBASE /NXCOMPAT /IMPLIB:"C:\Temp\Users\GP\glGA\_thirdPartyLibs\glfw-2.7.6\support\msvc100\..\..\tests\iconify_debug.lib" /MACHINE:X86 Debug\iconify_debug.exe.embed.manifest.res
         Debug\getopt.obj
         Debug\iconify.obj
         "C:\Temp\Users\GP\glGA\_thirdPartyLibs\glfw-2.7.6\support\msvc100\Debug\GLFW.lib"
       Manifest:
         C:\Program Files\Microsoft SDKs\Windows\v7.0A\bin\mt.exe /nologo /verbose /out:"Debug\iconify_debug.exe.embed.manifest" /manifest Debug\iconify_debug.exe.intermediate.manifest
         All outputs are up-to-date.
       LinkEmbedManifest:
         All outputs are up-to-date.
         iconify.vcxproj -> C:\Temp\Users\GP\glGA\_thirdPartyLibs\glfw-2.7.6\support\msvc100\..\..\tests\iconify_debug.exe
       FinalizeBuildStatus:
         Deleting file "Debug\iconify.unsuccessfulbuild".
         Touching "Debug\iconify.lastbuildstate".
     1>Done Building Project "C:\Temp\Users\GP\glGA\_thirdPartyLibs\glfw-2.7.6\support\msvc100\iconify.vcxproj" (build target(s)).

Build succeeded.

Time Elapsed 00:00:00.82
