Build started 10/24/2012 5:12:19 PM.
     1>Project "C:\Temp\Users\GP\glGA\_thirdPartyLibs\glfw-2.7.6\support\msvc100\mipmaps.vcxproj" on node 4 (build target(s)).
     1>InitializeBuildStatus:
         Creating "Debug\mipmaps.unsuccessfulbuild" because "AlwaysCreate" was specified.
       ClCompile:
         All outputs are up-to-date.
       ManifestResourceCompile:
         All outputs are up-to-date.
     1>C:\Program Files\MSBuild\Microsoft.Cpp\v4.0\Platforms\Win32\Microsoft.Cpp.Win32.Targets(275,5): warning MSB6008: Forcing a rebuild of all sources due to an error with the tracking logs. The process cannot access the file 'C:\Temp\Users\GP\glGA\_thirdPartyLibs\glfw-2.7.6\support\msvc100\Debug\link.6040-cvtres.write.1.tlog' because it is being used by another process.
         C:\Program Files\Microsoft Visual Studio 10.0\VC\bin\link.exe /ERRORREPORT:PROMPT /OUT:"C:\Temp\Users\GP\glGA\_thirdPartyLibs\glfw-2.7.6\support\msvc100\..\..\examples\mipmaps_debug.exe" /INCREMENTAL /NOLOGO opengl32.lib glu32.lib kernel32.lib user32.lib gdi32.lib winspool.lib comdlg32.lib advapi32.lib shell32.lib ole32.lib oleaut32.lib uuid.lib odbc32.lib odbccp32.lib /MANIFEST /ManifestFile:"Debug\mipmaps_debug.exe.intermediate.manifest" /MANIFESTUAC:"level='asInvoker' uiAccess='false'" /DEBUG /PDB:"C:\Temp\Users\GP\glGA\_thirdPartyLibs\glfw-2.7.6\examples\mipmaps_debug.pdb" /SUBSYSTEM:WINDOWS /TLBID:1 /ENTRY:"mainCRTStartup" /DYNAMICBASE /NXCOMPAT /IMPLIB:"C:\Temp\Users\GP\glGA\_thirdPartyLibs\glfw-2.7.6\support\msvc100\..\..\examples\mipmaps_debug.lib" /MACHINE:X86 Debug\mipmaps_debug.exe.embed.manifest.res
         Debug\mipmaps.obj
         "C:\Temp\Users\GP\glGA\_thirdPartyLibs\glfw-2.7.6\support\msvc100\Debug\GLFW.lib"
       Manifest:
         C:\Program Files\Microsoft SDKs\Windows\v7.0A\bin\mt.exe /nologo /verbose /out:"Debug\mipmaps_debug.exe.embed.manifest" /manifest Debug\mipmaps_debug.exe.intermediate.manifest
         All outputs are up-to-date.
       LinkEmbedManifest:
         All outputs are up-to-date.
         mipmaps.vcxproj -> C:\Temp\Users\GP\glGA\_thirdPartyLibs\glfw-2.7.6\support\msvc100\..\..\examples\mipmaps_debug.exe
       FinalizeBuildStatus:
         Deleting file "Debug\mipmaps.unsuccessfulbuild".
         Touching "Debug\mipmaps.lastbuildstate".
     1>Done Building Project "C:\Temp\Users\GP\glGA\_thirdPartyLibs\glfw-2.7.6\support\msvc100\mipmaps.vcxproj" (build target(s)).

Build succeeded.

Time Elapsed 00:00:02.73
