C:\Temp\Users\GP\glGA\_thirdPartyLibs\glfw-2.7.6\support\msvc100\Debug\GLFW.dll
C:\Temp\Users\GP\glGA\_thirdPartyLibs\glfw-2.7.6\support\msvc100\DebugDLL\enable.obj
C:\Temp\Users\GP\glGA\_thirdPartyLibs\glfw-2.7.6\support\msvc100\DebugDLL\fullscreen.obj
C:\Temp\Users\GP\glGA\_thirdPartyLibs\glfw-2.7.6\support\msvc100\DebugDLL\glext.obj
C:\Temp\Users\GP\glGA\_thirdPartyLibs\glfw-2.7.6\support\msvc100\DebugDLL\GLFW.dll.embed.manifest
C:\Temp\Users\GP\glGA\_thirdPartyLibs\glfw-2.7.6\support\msvc100\DebugDLL\GLFW.dll.embed.manifest.res
C:\Temp\Users\GP\glGA\_thirdPartyLibs\glfw-2.7.6\support\msvc100\DebugDLL\GLFW.dll.intermediate.manifest
C:\Temp\Users\GP\glGA\_thirdPartyLibs\glfw-2.7.6\support\msvc100\DebugDLL\GLFW_manifest.rc
C:\Temp\Users\GP\glGA\_thirdPartyLibs\glfw-2.7.6\support\msvc100\DebugDLL\image.obj
C:\Temp\Users\GP\glGA\_thirdPartyLibs\glfw-2.7.6\support\msvc100\DebugDLL\init.obj
C:\Temp\Users\GP\glGA\_thirdPartyLibs\glfw-2.7.6\support\msvc100\DebugDLL\input.obj
C:\Temp\Users\GP\glGA\_thirdPartyLibs\glfw-2.7.6\support\msvc100\DebugDLL\joystick.obj
C:\Temp\Users\GP\glGA\_thirdPartyLibs\glfw-2.7.6\support\msvc100\DebugDLL\stream.obj
C:\Temp\Users\GP\glGA\_thirdPartyLibs\glfw-2.7.6\support\msvc100\DebugDLL\tga.obj
C:\Temp\Users\GP\glGA\_thirdPartyLibs\glfw-2.7.6\support\msvc100\DebugDLL\thread.obj
C:\Temp\Users\GP\glGA\_thirdPartyLibs\glfw-2.7.6\support\msvc100\DebugDLL\time.obj
C:\Temp\Users\GP\glGA\_thirdPartyLibs\glfw-2.7.6\support\msvc100\DebugDLL\vc100.pdb
C:\Temp\Users\GP\glGA\_thirdPartyLibs\glfw-2.7.6\support\msvc100\DebugDLL\win32_dllmain.obj
C:\Temp\Users\GP\glGA\_thirdPartyLibs\glfw-2.7.6\support\msvc100\DebugDLL\win32_enable.obj
C:\Temp\Users\GP\glGA\_thirdPartyLibs\glfw-2.7.6\support\msvc100\DebugDLL\win32_fullscreen.obj
C:\Temp\Users\GP\glGA\_thirdPartyLibs\glfw-2.7.6\support\msvc100\DebugDLL\win32_glext.obj
C:\Temp\Users\GP\glGA\_thirdPartyLibs\glfw-2.7.6\support\msvc100\DebugDLL\win32_init.obj
C:\Temp\Users\GP\glGA\_thirdPartyLibs\glfw-2.7.6\support\msvc100\DebugDLL\win32_joystick.obj
C:\Temp\Users\GP\glGA\_thirdPartyLibs\glfw-2.7.6\support\msvc100\DebugDLL\win32_thread.obj
C:\Temp\Users\GP\glGA\_thirdPartyLibs\glfw-2.7.6\support\msvc100\DebugDLL\win32_time.obj
C:\Temp\Users\GP\glGA\_thirdPartyLibs\glfw-2.7.6\support\msvc100\DebugDLL\win32_window.obj
C:\Temp\Users\GP\glGA\_thirdPartyLibs\glfw-2.7.6\support\msvc100\DebugDLL\window.obj
