C:\Temp\Users\GP\glGA\_thirdPartyLibs\glfw-2.7.6\support\msvc100\Debug\GLFW.lib
C:\Temp\Users\GP\glGA\_thirdPartyLibs\glfw-2.7.6\support\msvc100\DebugStatic\enable.obj
C:\Temp\Users\GP\glGA\_thirdPartyLibs\glfw-2.7.6\support\msvc100\DebugStatic\fullscreen.obj
C:\Temp\Users\GP\glGA\_thirdPartyLibs\glfw-2.7.6\support\msvc100\DebugStatic\glext.obj
C:\Temp\Users\GP\glGA\_thirdPartyLibs\glfw-2.7.6\support\msvc100\DebugStatic\image.obj
C:\Temp\Users\GP\glGA\_thirdPartyLibs\glfw-2.7.6\support\msvc100\DebugStatic\init.obj
C:\Temp\Users\GP\glGA\_thirdPartyLibs\glfw-2.7.6\support\msvc100\DebugStatic\input.obj
C:\Temp\Users\GP\glGA\_thirdPartyLibs\glfw-2.7.6\support\msvc100\DebugStatic\joystick.obj
C:\Temp\Users\GP\glGA\_thirdPartyLibs\glfw-2.7.6\support\msvc100\DebugStatic\stream.obj
C:\Temp\Users\GP\glGA\_thirdPartyLibs\glfw-2.7.6\support\msvc100\DebugStatic\tga.obj
C:\Temp\Users\GP\glGA\_thirdPartyLibs\glfw-2.7.6\support\msvc100\DebugStatic\thread.obj
C:\Temp\Users\GP\glGA\_thirdPartyLibs\glfw-2.7.6\support\msvc100\DebugStatic\time.obj
C:\Temp\Users\GP\glGA\_thirdPartyLibs\glfw-2.7.6\support\msvc100\DebugStatic\win32_dllmain.obj
C:\Temp\Users\GP\glGA\_thirdPartyLibs\glfw-2.7.6\support\msvc100\DebugStatic\win32_enable.obj
C:\Temp\Users\GP\glGA\_thirdPartyLibs\glfw-2.7.6\support\msvc100\DebugStatic\win32_fullscreen.obj
C:\Temp\Users\GP\glGA\_thirdPartyLibs\glfw-2.7.6\support\msvc100\DebugStatic\win32_glext.obj
C:\Temp\Users\GP\glGA\_thirdPartyLibs\glfw-2.7.6\support\msvc100\DebugStatic\win32_init.obj
C:\Temp\Users\GP\glGA\_thirdPartyLibs\glfw-2.7.6\support\msvc100\DebugStatic\win32_joystick.obj
C:\Temp\Users\GP\glGA\_thirdPartyLibs\glfw-2.7.6\support\msvc100\DebugStatic\win32_thread.obj
C:\Temp\Users\GP\glGA\_thirdPartyLibs\glfw-2.7.6\support\msvc100\DebugStatic\win32_time.obj
C:\Temp\Users\GP\glGA\_thirdPartyLibs\glfw-2.7.6\support\msvc100\DebugStatic\win32_window.obj
C:\Temp\Users\GP\glGA\_thirdPartyLibs\glfw-2.7.6\support\msvc100\DebugStatic\window.obj
