Build started 10/11/2014 12:36:06 PM.
     1>Project "C:\Users\aggelog\Dropbox\Final_Thesis_cs499\Source\glGA-StudentEdition\glGA\_thirdPartyLibs\assimp\code\assimp.vcxproj" on node 2 (Build target(s)).
     1>CustomBuild:
         Building Custom Rule C:/Users/aggelog/Desktop/assimp-3.1.1/code/CMakeLists.txt
         CMake does not need to re-run because C:\Users\aggelog\Dropbox\Final_Thesis_cs499\Source\glGA-StudentEdition\glGA\_thirdPartyLibs\assimp\code\CMakeFiles\generate.stamp is up-to-date.
       ClCompile:
         C:\Program Files (x86)\Microsoft Visual Studio 12.0\VC\bin\CL.exe /c /I"C:\Users\aggelog\Dropbox\Final_Thesis_cs499\Source\glGA-StudentEdition\glGA\_thirdPartyLibs\assimp" /I"C:\Users\aggelog\Desktop\assimp-3.1.1\include" /I"C:\Users\aggelog\Desktop\assimp-3.1.1\code\BoostWorkaround" /I"C:\Users\aggelog\Desktop\assimp-3.1.1\contrib\zlib" /I"C:\Users\aggelog\Dropbox\Final_Thesis_cs499\Source\glGA-StudentEdition\glGA\_thirdPartyLibs\assimp\contrib\zlib" /I"C:\Users\aggelog\Desktop\assimp-3.1.1\code\..\contrib\unzip" /Zi /nologo /W3 /WX- /MP /Od /Ob0 /Oy- /D WIN32 /D _WINDOWS /D _DEBUG /D ASSIMP_BUILD_BOOST_WORKAROUND /D ASSIMP_BUILD_DLL_EXPORT /D _SCL_SECURE_NO_WARNINGS /D _CRT_SECURE_NO_WARNINGS /D "CMAKE_INTDIR=\"Debug\"" /D assimp_EXPORTS /D _WINDLL /D _MBCS /Gm- /EHsc /RTC1 /MDd /GS /fp:precise /Zc:wchar_t /Zc:forScope /GR /Fo"assimp.dir\Debug\\" /Fd"assimp.dir\Debug\vc120.pdb" /Gd /TP /analyze- /errorReport:prompt "C:\Users\aggelog\Desktop\assimp-3.1.1\code\Assimp.cpp" "C:\Users\aggelog\Desktop\assimp-3.1.1\code\BaseImporter.cpp" "C:\Users\aggelog\Desktop\assimp-3.1.1\code\BaseProcess.cpp" "C:\Users\aggelog\Desktop\assimp-3.1.1\code\PostStepRegistry.cpp" "C:\Users\aggelog\Desktop\assimp-3.1.1\code\ImporterRegistry.cpp" "C:\Users\aggelog\Desktop\assimp-3.1.1\code\DefaultIOStream.cpp" "C:\Users\aggelog\Desktop\assimp-3.1.1\code\DefaultIOSystem.cpp" "C:\Users\aggelog\Desktop\assimp-3.1.1\code\Importer.cpp" "C:\Users\aggelog\Desktop\assimp-3.1.1\code\SGSpatialSort.cpp" "C:\Users\aggelog\Desktop\assimp-3.1.1\code\VertexTriangleAdjacency.cpp" "C:\Users\aggelog\Desktop\assimp-3.1.1\code\SpatialSort.cpp" "C:\Users\aggelog\Desktop\assimp-3.1.1\code\SceneCombiner.cpp" "C:\Users\aggelog\Desktop\assimp-3.1.1\code\ScenePreprocessor.cpp" "C:\Users\aggelog\Desktop\assimp-3.1.1\code\SkeletonMeshBuilder.cpp" "C:\Users\aggelog\Desktop\assimp-3.1.1\code\SplitByBoneCountProcess.cpp" "C:\Users\aggelog\Desktop\assimp-3.1.1\code\StandardShapes.cpp" "C:\Users\aggelog\Desktop\assimp-3.1.1\code\TargetAnimation.cpp" "C:\Users\aggelog\Desktop\assimp-3.1.1\code\RemoveComments.cpp" "C:\Users\aggelog\Desktop\assimp-3.1.1\code\Subdivision.cpp" "C:\Users\aggelog\Desktop\assimp-3.1.1\code\Bitmap.cpp" "C:\Users\aggelog\Desktop\assimp-3.1.1\code\DefaultLogger.cpp" "C:\Users\aggelog\Desktop\assimp-3.1.1\code\Exporter.cpp" "C:\Users\aggelog\Desktop\assimp-3.1.1\code\AssimpCExport.cpp" "C:\Users\aggelog\Desktop\assimp-3.1.1\code\CalcTangentsProcess.cpp" "C:\Users\aggelog\Desktop\assimp-3.1.1\code\ComputeUVMappingProcess.cpp" "C:\Users\aggelog\Desktop\assimp-3.1.1\code\ConvertToLHProcess.cpp" "C:\Users\aggelog\Desktop\assimp-3.1.1\code\FindDegenerates.cpp" "C:\Users\aggelog\Desktop\assimp-3.1.1\code\FindInstancesProcess.cpp" "C:\Users\aggelog\Desktop\assimp-3.1.1\code\FindInvalidDataProcess.cpp" "C:\Users\aggelog\Desktop\assimp-3.1.1\code\FixNormalsStep.cpp" "C:\Users\aggelog\Desktop\assimp-3.1.1\code\GenFaceNormalsProcess.cpp" "C:\Users\aggelog\Desktop\assimp-3.1.1\code\GenVertexNormalsProcess.cpp" "C:\Users\aggelog\Desktop\assimp-3.1.1\code\PretransformVertices.cpp" "C:\Users\aggelog\Desktop\assimp-3.1.1\code\ImproveCacheLocality.cpp" "C:\Users\aggelog\Desktop\assimp-3.1.1\code\JoinVerticesProcess.cpp" "C:\Users\aggelog\Desktop\assimp-3.1.1\code\LimitBoneWeightsProcess.cpp" "C:\Users\aggelog\Desktop\assimp-3.1.1\code\RemoveRedundantMaterials.cpp" "C:\Users\aggelog\Desktop\assimp-3.1.1\code\RemoveVCProcess.cpp" "C:\Users\aggelog\Desktop\assimp-3.1.1\code\SortByPTypeProcess.cpp" "C:\Users\aggelog\Desktop\assimp-3.1.1\code\SplitLargeMeshes.cpp" "C:\Users\aggelog\Desktop\assimp-3.1.1\code\TextureTransform.cpp" "C:\Users\aggelog\Desktop\assimp-3.1.1\code\TriangulateProcess.cpp" "C:\Users\aggelog\Desktop\assimp-3.1.1\code\ValidateDataStructure.cpp" "C:\Users\aggelog\Desktop\assimp-3.1.1\code\OptimizeGraph.cpp" "C:\Users\aggelog\Desktop\assimp-3.1.1\code\OptimizeMeshes.cpp" "C:\Users\aggelog\Desktop\assimp-3.1.1\code\DeboneProcess.cpp" "C:\Users\aggelog\Desktop\assimp-3.1.1\code\ProcessHelper.cpp" "C:\Users\aggelog\Desktop\assimp-3.1.1\code\MakeVerboseFormat.cpp" "C:\Users\aggelog\Desktop\assimp-3.1.1\code\3DSConverter.cpp" "C:\Users\aggelog\Desktop\assimp-3.1.1\code\3DSLoader.cpp" "C:\Users\aggelog\Desktop\assimp-3.1.1\code\ACLoader.cpp" "C:\Users\aggelog\Desktop\assimp-3.1.1\code\ASELoader.cpp" "C:\Users\aggelog\Desktop\assimp-3.1.1\code\ASEParser.cpp" "C:\Users\aggelog\Desktop\assimp-3.1.1\code\B3DImporter.cpp" "C:\Users\aggelog\Desktop\assimp-3.1.1\code\BVHLoader.cpp" "C:\Users\aggelog\Desktop\assimp-3.1.1\code\ColladaLoader.cpp" "C:\Users\aggelog\Desktop\assimp-3.1.1\code\ColladaParser.cpp" "C:\Users\aggelog\Desktop\assimp-3.1.1\code\ColladaExporter.cpp" "C:\Users\aggelog\Desktop\assimp-3.1.1\code\DXFLoader.cpp" "C:\Users\aggelog\Desktop\assimp-3.1.1\code\CSMLoader.cpp" "C:\Users\aggelog\Desktop\assimp-3.1.1\code\HMPLoader.cpp" "C:\Users\aggelog\Desktop\assimp-3.1.1\code\IRRLoader.cpp" "C:\Users\aggelog\Desktop\assimp-3.1.1\code\IRRMeshLoader.cpp" "C:\Users\aggelog\Desktop\assimp-3.1.1\code\IRRShared.cpp" "C:\Users\aggelog\Desktop\assimp-3.1.1\code\LWOAnimation.cpp" "C:\Users\aggelog\Desktop\assimp-3.1.1\code\LWOBLoader.cpp" "C:\Users\aggelog\Desktop\assimp-3.1.1\code\LWOLoader.cpp" "C:\Users\aggelog\Desktop\assimp-3.1.1\code\LWOMaterial.cpp" "C:\Users\aggelog\Desktop\assimp-3.1.1\code\LWSLoader.cpp" "C:\Users\aggelog\Desktop\assimp-3.1.1\code\MD2Loader.cpp" "C:\Users\aggelog\Desktop\assimp-3.1.1\code\MD3Loader.cpp" "C:\Users\aggelog\Desktop\assimp-3.1.1\code\MD5Loader.cpp" "C:\Users\aggelog\Desktop\assimp-3.1.1\code\MD5Parser.cpp" "C:\Users\aggelog\Desktop\assimp-3.1.1\code\MDCLoader.cpp" "C:\Users\aggelog\Desktop\assimp-3.1.1\code\MDLLoader.cpp" "C:\Users\aggelog\Desktop\assimp-3.1.1\code\MDLMaterialLoader.cpp" "C:\Users\aggelog\Desktop\assimp-3.1.1\code\MaterialSystem.cpp" "C:\Users\aggelog\Desktop\assimp-3.1.1\code\NFFLoader.cpp" "C:\Users\aggelog\Desktop\assimp-3.1.1\code\OFFLoader.cpp" "C:\Users\aggelog\Desktop\assimp-3.1.1\code\ObjFileImporter.cpp" "C:\Users\aggelog\Desktop\assimp-3.1.1\code\ObjFileMtlImporter.cpp" "C:\Users\aggelog\Desktop\assimp-3.1.1\code\ObjFileParser.cpp" "C:\Users\aggelog\Desktop\assimp-3.1.1\code\ObjExporter.cpp" "C:\Users\aggelog\Desktop\assimp-3.1.1\code\OgreImporter.cpp" "C:\Users\aggelog\Desktop\assimp-3.1.1\code\OgreStructs.cpp" "C:\Users\aggelog\Desktop\assimp-3.1.1\code\OgreBinarySerializer.cpp" "C:\Users\aggelog\Desktop\assimp-3.1.1\code\OgreXmlSerializer.cpp" "C:\Users\aggelog\Desktop\assimp-3.1.1\code\OgreMaterial.cpp" "C:\Users\aggelog\Desktop\assimp-3.1.1\code\PlyLoader.cpp" "C:\Users\aggelog\Desktop\assimp-3.1.1\code\PlyParser.cpp" "C:\Users\aggelog\Desktop\assimp-3.1.1\code\PlyExporter.cpp" "C:\Users\aggelog\Desktop\assimp-3.1.1\code\Q3DLoader.cpp" "C:\Users\aggelog\Desktop\assimp-3.1.1\code\Q3BSPFileParser.cpp" "C:\Users\aggelog\Desktop\assimp-3.1.1\code\Q3BSPFileImporter.cpp" "C:\Users\aggelog\Desktop\assimp-3.1.1\code\Q3BSPZipArchive.cpp" "C:\Users\aggelog\Desktop\assimp-3.1.1\code\RawLoader.cpp" "C:\Users\aggelog\Desktop\assimp-3.1.1\code\SMDLoader.cpp" "C:\Users\aggelog\Desktop\assimp-3.1.1\code\STLLoader.cpp" "C:\Users\aggelog\Desktop\assimp-3.1.1\code\STLExporter.cpp" "C:\Users\aggelog\Desktop\assimp-3.1.1\code\TerragenLoader.cpp" "C:\Users\aggelog\Desktop\assimp-3.1.1\code\UnrealLoader.cpp" "C:\Users\aggelog\Desktop\assimp-3.1.1\code\XFileImporter.cpp" "C:\Users\aggelog\Desktop\assimp-3.1.1\code\XFileParser.cpp" "C:\Users\aggelog\Desktop\assimp-3.1.1\code\MS3DLoader.cpp" "C:\Users\aggelog\Desktop\assimp-3.1.1\code\COBLoader.cpp" "C:\Users\aggelog\Desktop\assimp-3.1.1\code\BlenderLoader.cpp" "C:\Users\aggelog\Desktop\assimp-3.1.1\code\BlenderDNA.cpp" "C:\Users\aggelog\Desktop\assimp-3.1.1\code\BlenderScene.cpp" "C:\Users\aggelog\Desktop\assimp-3.1.1\code\BlenderModifier.cpp" "C:\Users\aggelog\Desktop\assimp-3.1.1\code\BlenderBMesh.cpp" "C:\Users\aggelog\Desktop\assimp-3.1.1\code\BlenderTessellator.cpp" "C:\Users\aggelog\Desktop\assimp-3.1.1\code\NDOLoader.cpp" "C:\Users\aggelog\Desktop\assimp-3.1.1\code\IFCLoader.cpp" "C:\Users\aggelog\Desktop\assimp-3.1.1\code\IFCReaderGen.cpp" "C:\Users\aggelog\Desktop\assimp-3.1.1\code\IFCUtil.cpp" "C:\Users\aggelog\Desktop\assimp-3.1.1\code\IFCGeometry.cpp" "C:\Users\aggelog\Desktop\assimp-3.1.1\code\IFCMaterial.cpp" "C:\Users\aggelog\Desktop\assimp-3.1.1\code\IFCProfile.cpp" "C:\Users\aggelog\Desktop\assimp-3.1.1\code\IFCCurve.cpp" "C:\Users\aggelog\Desktop\assimp-3.1.1\code\IFCBoolean.cpp" "C:\Users\aggelog\Desktop\assimp-3.1.1\code\IFCOpenings.cpp" "C:\Users\aggelog\Desktop\assimp-3.1.1\code\STEPFileReader.cpp" "C:\Users\aggelog\Desktop\assimp-3.1.1\code\STEPFileEncoding.cpp" "C:\Users\aggelog\Desktop\assimp-3.1.1\code\XGLLoader.cpp" "C:\Users\aggelog\Desktop\assimp-3.1.1\code\FBXImporter.cpp" "C:\Users\aggelog\Desktop\assimp-3.1.1\code\FBXParser.cpp" "C:\Users\aggelog\Desktop\assimp-3.1.1\code\FBXTokenizer.cpp" "C:\Users\aggelog\Desktop\assimp-3.1.1\code\FBXConverter.cpp" "C:\Users\aggelog\Desktop\assimp-3.1.1\code\FBXUtil.cpp" "C:\Users\aggelog\Desktop\assimp-3.1.1\code\FBXDocument.cpp" "C:\Users\aggelog\Desktop\assimp-3.1.1\code\FBXProperties.cpp" "C:\Users\aggelog\Desktop\assimp-3.1.1\code\FBXMeshGeometry.cpp" "C:\Users\aggelog\Desktop\assimp-3.1.1\code\FBXMaterial.cpp" "C:\Users\aggelog\Desktop\assimp-3.1.1\code\FBXModel.cpp" "C:\Users\aggelog\Desktop\assimp-3.1.1\code\FBXAnimation.cpp" "C:\Users\aggelog\Desktop\assimp-3.1.1\code\FBXNodeAttribute.cpp" "C:\Users\aggelog\Desktop\assimp-3.1.1\code\FBXDeformer.cpp" "C:\Users\aggelog\Desktop\assimp-3.1.1\code\FBXBinaryTokenizer.cpp" "C:\Users\aggelog\Desktop\assimp-3.1.1\code\FBXDocumentUtil.cpp" "C:\Users\aggelog\Desktop\assimp-3.1.1\contrib\irrXML\irrXML.cpp" "C:\Users\aggelog\Desktop\assimp-3.1.1\contrib\poly2tri\poly2tri\common\shapes.cc" "C:\Users\aggelog\Desktop\assimp-3.1.1\contrib\poly2tri\poly2tri\sweep\advancing_front.cc" "C:\Users\aggelog\Desktop\assimp-3.1.1\contrib\poly2tri\poly2tri\sweep\cdt.cc" "C:\Users\aggelog\Desktop\assimp-3.1.1\contrib\poly2tri\poly2tri\sweep\sweep.cc" "C:\Users\aggelog\Desktop\assimp-3.1.1\contrib\poly2tri\poly2tri\sweep\sweep_context.cc" "C:\Users\aggelog\Desktop\assimp-3.1.1\contrib\clipper\clipper.cpp" "C:\Users\aggelog\Desktop\assimp-3.1.1\code\AssimpPCH.cpp"
         Assimp.cpp
         BaseImporter.cpp
         BaseProcess.cpp
         PostStepRegistry.cpp
         ImporterRegistry.cpp
         DefaultIOStream.cpp
         DefaultIOSystem.cpp
         Importer.cpp
         SGSpatialSort.cpp
         VertexTriangleAdjacency.cpp
         SpatialSort.cpp
         SceneCombiner.cpp
         ScenePreprocessor.cpp
         SkeletonMeshBuilder.cpp
         SplitByBoneCountProcess.cpp
         StandardShapes.cpp
         TargetAnimation.cpp
         RemoveComments.cpp
         Subdivision.cpp
         Bitmap.cpp
         DefaultLogger.cpp
         Exporter.cpp
         AssimpCExport.cpp
         CalcTangentsProcess.cpp
         ComputeUVMappingProcess.cpp
         ConvertToLHProcess.cpp
         FindDegenerates.cpp
         FindInstancesProcess.cpp
         FindInvalidDataProcess.cpp
         FixNormalsStep.cpp
         GenFaceNormalsProcess.cpp
         GenVertexNormalsProcess.cpp
         PretransformVertices.cpp
         ImproveCacheLocality.cpp
         JoinVerticesProcess.cpp
         LimitBoneWeightsProcess.cpp
         RemoveRedundantMaterials.cpp
         RemoveVCProcess.cpp
         SortByPTypeProcess.cpp
         SplitLargeMeshes.cpp
         TextureTransform.cpp
         TriangulateProcess.cpp
         ValidateDataStructure.cpp
         OptimizeGraph.cpp
         OptimizeMeshes.cpp
         DeboneProcess.cpp
         ProcessHelper.cpp
         MakeVerboseFormat.cpp
         3DSConverter.cpp
         3DSLoader.cpp
         ACLoader.cpp
         ASELoader.cpp
         ASEParser.cpp
         B3DImporter.cpp
         BVHLoader.cpp
         ColladaLoader.cpp
         ColladaParser.cpp
         ColladaExporter.cpp
         DXFLoader.cpp
         CSMLoader.cpp
         HMPLoader.cpp
         IRRLoader.cpp
         IRRMeshLoader.cpp
         IRRShared.cpp
         LWOAnimation.cpp
         LWOBLoader.cpp
         LWOLoader.cpp
         LWOMaterial.cpp
         LWSLoader.cpp
         MD2Loader.cpp
         MD3Loader.cpp
         MD5Loader.cpp
         MD5Parser.cpp
         MDCLoader.cpp
         MDLLoader.cpp
         MDLMaterialLoader.cpp
         MaterialSystem.cpp
         NFFLoader.cpp
         OFFLoader.cpp
         ObjFileImporter.cpp
         ObjFileMtlImporter.cpp
         ObjFileParser.cpp
         ObjExporter.cpp
         OgreImporter.cpp
         OgreStructs.cpp
         OgreBinarySerializer.cpp
         OgreXmlSerializer.cpp
         OgreMaterial.cpp
         PlyLoader.cpp
         PlyParser.cpp
         PlyExporter.cpp
         Q3DLoader.cpp
         Q3BSPFileParser.cpp
         Q3BSPFileImporter.cpp
         Q3BSPZipArchive.cpp
         RawLoader.cpp
         SMDLoader.cpp
         STLLoader.cpp
         STLExporter.cpp
         TerragenLoader.cpp
         UnrealLoader.cpp
         XFileImporter.cpp
         XFileParser.cpp
         MS3DLoader.cpp
         COBLoader.cpp
         BlenderLoader.cpp
         BlenderDNA.cpp
         BlenderScene.cpp
         BlenderModifier.cpp
         BlenderBMesh.cpp
         BlenderTessellator.cpp
         NDOLoader.cpp
         IFCLoader.cpp
         IFCReaderGen.cpp
         IFCUtil.cpp
         IFCGeometry.cpp
         IFCMaterial.cpp
         IFCProfile.cpp
         IFCCurve.cpp
         IFCBoolean.cpp
         IFCOpenings.cpp
         STEPFileReader.cpp
         STEPFileEncoding.cpp
         XGLLoader.cpp
         FBXImporter.cpp
         FBXParser.cpp
         FBXTokenizer.cpp
         FBXConverter.cpp
         FBXUtil.cpp
         FBXDocument.cpp
         FBXProperties.cpp
         FBXMeshGeometry.cpp
         FBXMaterial.cpp
         FBXModel.cpp
         FBXAnimation.cpp
         FBXNodeAttribute.cpp
         FBXDeformer.cpp
         FBXBinaryTokenizer.cpp
         FBXDocumentUtil.cpp
         irrXML.cpp
         shapes.cc
         advancing_front.cc
         cdt.cc
         sweep.cc
         sweep_context.cc
         clipper.cpp
         AssimpPCH.cpp
         C:\Program Files (x86)\Microsoft Visual Studio 12.0\VC\bin\CL.exe /c /I"C:\Users\aggelog\Dropbox\Final_Thesis_cs499\Source\glGA-StudentEdition\glGA\_thirdPartyLibs\assimp" /I"C:\Users\aggelog\Desktop\assimp-3.1.1\include" /I"C:\Users\aggelog\Desktop\assimp-3.1.1\code\BoostWorkaround" /I"C:\Users\aggelog\Desktop\assimp-3.1.1\contrib\zlib" /I"C:\Users\aggelog\Dropbox\Final_Thesis_cs499\Source\glGA-StudentEdition\glGA\_thirdPartyLibs\assimp\contrib\zlib" /I"C:\Users\aggelog\Desktop\assimp-3.1.1\code\..\contrib\unzip" /Zi /nologo /W3 /WX- /MP /Od /Ob0 /Oy- /D WIN32 /D _WINDOWS /D _DEBUG /D ASSIMP_BUILD_BOOST_WORKAROUND /D ASSIMP_BUILD_DLL_EXPORT /D _SCL_SECURE_NO_WARNINGS /D _CRT_SECURE_NO_WARNINGS /D "CMAKE_INTDIR=\"Debug\"" /D assimp_EXPORTS /D _WINDLL /D _MBCS /Gm- /EHsc /RTC1 /MDd /GS /fp:precise /Zc:wchar_t /Zc:forScope /GR /Fo"assimp.dir\Debug\\" /Fd"assimp.dir\Debug\vc120.pdb" /Gd /TC /analyze- /errorReport:prompt "C:\Users\aggelog\Desktop\assimp-3.1.1\contrib\ConvertUTF\ConvertUTF.c" "C:\Users\aggelog\Desktop\assimp-3.1.1\contrib\unzip\ioapi.c" "C:\Users\aggelog\Desktop\assimp-3.1.1\contrib\unzip\unzip.c"
         ConvertUTF.c
         ioapi.c
         unzip.c
       Link:
         C:\Program Files (x86)\Microsoft Visual Studio 12.0\VC\bin\link.exe /ERRORREPORT:PROMPT /OUT:"C:\Users\aggelog\Dropbox\Final_Thesis_cs499\Source\glGA-StudentEdition\glGA\_thirdPartyLibs\assimp\code\Debug\assimpd.dll" /INCREMENTAL /NOLOGO kernel32.lib user32.lib gdi32.lib winspool.lib shell32.lib ole32.lib oleaut32.lib uuid.lib comdlg32.lib advapi32.lib ..\contrib\zlib\Debug\zlibstaticd.lib /MANIFEST /MANIFESTUAC:"level='asInvoker' uiAccess='false'" /manifest:embed /DEBUG /PDB:"C:/Users/aggelog/Dropbox/Final_Thesis_cs499/Source/glGA-StudentEdition/glGA/_thirdPartyLibs/assimp/code/Debug/assimpd.pdb" /SUBSYSTEM:CONSOLE /TLBID:1 /DYNAMICBASE /NXCOMPAT /IMPLIB:"C:/Users/aggelog/Dropbox/Final_Thesis_cs499/Source/glGA-StudentEdition/glGA/_thirdPartyLibs/assimp/code/Debug/assimpd.lib" /MACHINE:X86 /SAFESEH  /machine:X86 /debug /DLL assimp.dir\Debug\Assimp.obj
         assimp.dir\Debug\BaseImporter.obj
         assimp.dir\Debug\BaseProcess.obj
         assimp.dir\Debug\PostStepRegistry.obj
         assimp.dir\Debug\ImporterRegistry.obj
         assimp.dir\Debug\DefaultIOStream.obj
         assimp.dir\Debug\DefaultIOSystem.obj
         assimp.dir\Debug\Importer.obj
         assimp.dir\Debug\SGSpatialSort.obj
         assimp.dir\Debug\VertexTriangleAdjacency.obj
         assimp.dir\Debug\SpatialSort.obj
         assimp.dir\Debug\SceneCombiner.obj
         assimp.dir\Debug\ScenePreprocessor.obj
         assimp.dir\Debug\SkeletonMeshBuilder.obj
         assimp.dir\Debug\SplitByBoneCountProcess.obj
         assimp.dir\Debug\StandardShapes.obj
         assimp.dir\Debug\TargetAnimation.obj
         assimp.dir\Debug\RemoveComments.obj
         assimp.dir\Debug\Subdivision.obj
         assimp.dir\Debug\Bitmap.obj
         assimp.dir\Debug\DefaultLogger.obj
         assimp.dir\Debug\Exporter.obj
         assimp.dir\Debug\AssimpCExport.obj
         assimp.dir\Debug\CalcTangentsProcess.obj
         assimp.dir\Debug\ComputeUVMappingProcess.obj
         assimp.dir\Debug\ConvertToLHProcess.obj
         assimp.dir\Debug\FindDegenerates.obj
         assimp.dir\Debug\FindInstancesProcess.obj
         assimp.dir\Debug\FindInvalidDataProcess.obj
         assimp.dir\Debug\FixNormalsStep.obj
         assimp.dir\Debug\GenFaceNormalsProcess.obj
         assimp.dir\Debug\GenVertexNormalsProcess.obj
         assimp.dir\Debug\PretransformVertices.obj
         assimp.dir\Debug\ImproveCacheLocality.obj
         assimp.dir\Debug\JoinVerticesProcess.obj
         assimp.dir\Debug\LimitBoneWeightsProcess.obj
         assimp.dir\Debug\RemoveRedundantMaterials.obj
         assimp.dir\Debug\RemoveVCProcess.obj
         assimp.dir\Debug\SortByPTypeProcess.obj
         assimp.dir\Debug\SplitLargeMeshes.obj
         assimp.dir\Debug\TextureTransform.obj
         assimp.dir\Debug\TriangulateProcess.obj
         assimp.dir\Debug\ValidateDataStructure.obj
         assimp.dir\Debug\OptimizeGraph.obj
         assimp.dir\Debug\OptimizeMeshes.obj
         assimp.dir\Debug\DeboneProcess.obj
         assimp.dir\Debug\ProcessHelper.obj
         assimp.dir\Debug\MakeVerboseFormat.obj
         assimp.dir\Debug\3DSConverter.obj
         assimp.dir\Debug\3DSLoader.obj
         assimp.dir\Debug\ACLoader.obj
         assimp.dir\Debug\ASELoader.obj
         assimp.dir\Debug\ASEParser.obj
         assimp.dir\Debug\B3DImporter.obj
         assimp.dir\Debug\BVHLoader.obj
         assimp.dir\Debug\ColladaLoader.obj
         assimp.dir\Debug\ColladaParser.obj
         assimp.dir\Debug\ColladaExporter.obj
         assimp.dir\Debug\DXFLoader.obj
         assimp.dir\Debug\CSMLoader.obj
         assimp.dir\Debug\HMPLoader.obj
         assimp.dir\Debug\IRRLoader.obj
         assimp.dir\Debug\IRRMeshLoader.obj
         assimp.dir\Debug\IRRShared.obj
         assimp.dir\Debug\LWOAnimation.obj
         assimp.dir\Debug\LWOBLoader.obj
         assimp.dir\Debug\LWOLoader.obj
         assimp.dir\Debug\LWOMaterial.obj
         assimp.dir\Debug\LWSLoader.obj
         assimp.dir\Debug\MD2Loader.obj
         assimp.dir\Debug\MD3Loader.obj
         assimp.dir\Debug\MD5Loader.obj
         assimp.dir\Debug\MD5Parser.obj
         assimp.dir\Debug\MDCLoader.obj
         assimp.dir\Debug\MDLLoader.obj
         assimp.dir\Debug\MDLMaterialLoader.obj
         assimp.dir\Debug\MaterialSystem.obj
         assimp.dir\Debug\NFFLoader.obj
         assimp.dir\Debug\OFFLoader.obj
         assimp.dir\Debug\ObjFileImporter.obj
         assimp.dir\Debug\ObjFileMtlImporter.obj
         assimp.dir\Debug\ObjFileParser.obj
         assimp.dir\Debug\ObjExporter.obj
         assimp.dir\Debug\OgreImporter.obj
         assimp.dir\Debug\OgreStructs.obj
         assimp.dir\Debug\OgreBinarySerializer.obj
         assimp.dir\Debug\OgreXmlSerializer.obj
         assimp.dir\Debug\OgreMaterial.obj
         assimp.dir\Debug\PlyLoader.obj
         assimp.dir\Debug\PlyParser.obj
         assimp.dir\Debug\PlyExporter.obj
         assimp.dir\Debug\Q3DLoader.obj
         assimp.dir\Debug\Q3BSPFileParser.obj
         assimp.dir\Debug\Q3BSPFileImporter.obj
         assimp.dir\Debug\Q3BSPZipArchive.obj
         assimp.dir\Debug\RawLoader.obj
         assimp.dir\Debug\SMDLoader.obj
         assimp.dir\Debug\STLLoader.obj
         assimp.dir\Debug\STLExporter.obj
         assimp.dir\Debug\TerragenLoader.obj
         assimp.dir\Debug\UnrealLoader.obj
         assimp.dir\Debug\XFileImporter.obj
         assimp.dir\Debug\XFileParser.obj
         assimp.dir\Debug\MS3DLoader.obj
         assimp.dir\Debug\COBLoader.obj
         assimp.dir\Debug\BlenderLoader.obj
         assimp.dir\Debug\BlenderDNA.obj
         assimp.dir\Debug\BlenderScene.obj
         assimp.dir\Debug\BlenderModifier.obj
         assimp.dir\Debug\BlenderBMesh.obj
         assimp.dir\Debug\BlenderTessellator.obj
         assimp.dir\Debug\NDOLoader.obj
         assimp.dir\Debug\IFCLoader.obj
         assimp.dir\Debug\IFCReaderGen.obj
         assimp.dir\Debug\IFCUtil.obj
         assimp.dir\Debug\IFCGeometry.obj
         assimp.dir\Debug\IFCMaterial.obj
         assimp.dir\Debug\IFCProfile.obj
         assimp.dir\Debug\IFCCurve.obj
         assimp.dir\Debug\IFCBoolean.obj
         assimp.dir\Debug\IFCOpenings.obj
         assimp.dir\Debug\STEPFileReader.obj
         assimp.dir\Debug\STEPFileEncoding.obj
         assimp.dir\Debug\XGLLoader.obj
         assimp.dir\Debug\FBXImporter.obj
         assimp.dir\Debug\FBXParser.obj
         assimp.dir\Debug\FBXTokenizer.obj
         assimp.dir\Debug\FBXConverter.obj
         assimp.dir\Debug\FBXUtil.obj
         assimp.dir\Debug\FBXDocument.obj
         assimp.dir\Debug\FBXProperties.obj
         assimp.dir\Debug\FBXMeshGeometry.obj
         assimp.dir\Debug\FBXMaterial.obj
         assimp.dir\Debug\FBXModel.obj
         assimp.dir\Debug\FBXAnimation.obj
         assimp.dir\Debug\FBXNodeAttribute.obj
         assimp.dir\Debug\FBXDeformer.obj
         assimp.dir\Debug\FBXBinaryTokenizer.obj
         assimp.dir\Debug\FBXDocumentUtil.obj
         assimp.dir\Debug\irrXML.obj
         assimp.dir\Debug\ConvertUTF.obj
         assimp.dir\Debug\ioapi.obj
         assimp.dir\Debug\unzip.obj
         assimp.dir\Debug\shapes.obj
         assimp.dir\Debug\advancing_front.obj
         assimp.dir\Debug\cdt.obj
         assimp.dir\Debug\sweep.obj
         assimp.dir\Debug\sweep_context.obj
         assimp.dir\Debug\clipper.obj
         assimp.dir\Debug\AssimpPCH.obj
            Creating library C:/Users/aggelog/Dropbox/Final_Thesis_cs499/Source/glGA-StudentEdition/glGA/_thirdPartyLibs/assimp/code/Debug/assimpd.lib and object C:/Users/aggelog/Dropbox/Final_Thesis_cs499/Source/glGA-StudentEdition/glGA/_thirdPartyLibs/assimp/code/Debug/assimpd.exp
         assimp.vcxproj -> C:\Users\aggelog\Dropbox\Final_Thesis_cs499\Source\glGA-StudentEdition\glGA\_thirdPartyLibs\assimp\code\Debug\assimpd.dll
     1>Done Building Project "C:\Users\aggelog\Dropbox\Final_Thesis_cs499\Source\glGA-StudentEdition\glGA\_thirdPartyLibs\assimp\code\assimp.vcxproj" (Build target(s)).

Build succeeded.

Time Elapsed 00:01:27.51
