c:\users\aggelogtowerstation\desktop\test-1-\glga-studentedition\glga\_platforms\visualstudio\glga\debug\chapter-12.bsc
c:\users\aggelogtowerstation\desktop\final_thesis_cs499\source\glga-studentedition\glga\_platforms\visualstudio\glga\debug\chapter-12.bsc
c:\users\aggelogtowerstation\desktop\test-1-\glga-studentedition\glga\_platforms\visualstudio\chapter-12\debug\hdrloader.sbr
c:\users\aggelogtowerstation\desktop\test-1-\glga-studentedition\glga\_platforms\visualstudio\chapter-12\debug\hdri_frame.sbr
c:\users\aggelogtowerstation\desktop\test-1-\glga-studentedition\glga\_platforms\visualstudio\chapter-12\debug\chapter-12.sbr
c:\users\aggelogtowerstation\desktop\test-1-\glga-studentedition\glga\_platforms\visualstudio\chapter-12\debug\glgamesh.sbr
c:\users\aggelogtowerstation\desktop\test-1-\glga-studentedition\glga\_platforms\visualstudio\chapter-12\debug\glgahelper.sbr
c:\users\aggelogtowerstation\desktop\test-1-\glga-studentedition\glga\_platforms\visualstudio\chapter-12\debug\glgahelper.obj
c:\users\aggelogtowerstation\desktop\test-1-\glga-studentedition\glga\_platforms\visualstudio\chapter-12\debug\glgamesh.obj
c:\users\aggelogtowerstation\desktop\test-1-\glga-studentedition\glga\_platforms\visualstudio\chapter-12\debug\chapter-12.obj
c:\users\aggelogtowerstation\desktop\test-1-\glga-studentedition\glga\_platforms\visualstudio\chapter-12\debug\hdri_frame.obj
c:\users\aggelogtowerstation\desktop\test-1-\glga-studentedition\glga\_platforms\visualstudio\chapter-12\debug\hdrloader.obj
c:\users\aggelogtowerstation\desktop\test-1-\glga-studentedition\glga\_platforms\visualstudio\chapter-12\debug\vc110.pdb
c:\users\aggelogtowerstation\desktop\final_thesis_cs499\source\glga-studentedition\glga\_platforms\visualstudio\chapter-12\debug\hdrloader.sbr
c:\users\aggelogtowerstation\desktop\final_thesis_cs499\source\glga-studentedition\glga\_platforms\visualstudio\chapter-12\debug\hdri_frame.sbr
c:\users\aggelogtowerstation\desktop\final_thesis_cs499\source\glga-studentedition\glga\_platforms\visualstudio\chapter-12\debug\chapter-12.sbr
c:\users\aggelogtowerstation\desktop\final_thesis_cs499\source\glga-studentedition\glga\_platforms\visualstudio\chapter-12\debug\glgamesh.sbr
c:\users\aggelogtowerstation\desktop\final_thesis_cs499\source\glga-studentedition\glga\_platforms\visualstudio\chapter-12\debug\glgahelper.sbr
c:\users\aggelogtowerstation\desktop\final_thesis_cs499\source\glga-studentedition\glga\_platforms\visualstudio\chapter-12\debug\glgahelper.obj
c:\users\aggelogtowerstation\desktop\final_thesis_cs499\source\glga-studentedition\glga\_platforms\visualstudio\chapter-12\debug\glgamesh.obj
c:\users\aggelogtowerstation\desktop\final_thesis_cs499\source\glga-studentedition\glga\_platforms\visualstudio\chapter-12\debug\chapter-12.obj
c:\users\aggelogtowerstation\desktop\final_thesis_cs499\source\glga-studentedition\glga\_platforms\visualstudio\chapter-12\debug\hdri_frame.obj
c:\users\aggelogtowerstation\desktop\final_thesis_cs499\source\glga-studentedition\glga\_platforms\visualstudio\chapter-12\debug\hdrloader.obj
c:\users\aggelogtowerstation\desktop\final_thesis_cs499\source\glga-studentedition\glga\_platforms\visualstudio\chapter-12\debug\vc110.pdb
c:\users\aggelogtowerstation\desktop\test-1-\glga-studentedition\glga\_platforms\visualstudio\glga\debug\chapter-12.ilk
c:\users\aggelogtowerstation\desktop\test-1-\glga-studentedition\glga\_platforms\visualstudio\glga\debug\chapter-12.exe
c:\users\aggelogtowerstation\desktop\test-1-\glga-studentedition\glga\_platforms\visualstudio\glga\debug\chapter-12.pdb
c:\users\aggelogtowerstation\desktop\final_thesis_cs499\source\glga-studentedition\glga\_platforms\visualstudio\glga\debug\chapter-12.ilk
c:\users\aggelogtowerstation\desktop\final_thesis_cs499\source\glga-studentedition\glga\_platforms\visualstudio\glga\debug\chapter-12.exe
c:\users\aggelogtowerstation\desktop\final_thesis_cs499\source\glga-studentedition\glga\_platforms\visualstudio\glga\debug\chapter-12.pdb
c:\users\aggelog\dropbox\final_thesis_cs499\source\glga-studentedition\glga\_platforms\visualstudio\glga\debug\chapter-12.bsc
c:\users\aggelog\dropbox\final_thesis_cs499\source\glga-studentedition\glga\_platforms\visualstudio\chapter-12\debug\vc120.pdb
c:\users\aggelog\dropbox\final_thesis_cs499\source\glga-studentedition\glga\_platforms\visualstudio\chapter-12\debug\vc120.idb
c:\users\aggelog\dropbox\final_thesis_cs499\source\glga-studentedition\glga\_platforms\visualstudio\chapter-12\debug\hdrloader.sbr
c:\users\aggelog\dropbox\final_thesis_cs499\source\glga-studentedition\glga\_platforms\visualstudio\chapter-12\debug\chapter-12.sbr
c:\users\aggelog\dropbox\final_thesis_cs499\source\glga-studentedition\glga\_platforms\visualstudio\chapter-12\debug\glgamesh.sbr
c:\users\aggelog\dropbox\final_thesis_cs499\source\glga-studentedition\glga\_platforms\visualstudio\chapter-12\debug\glgahelper.sbr
c:\users\aggelog\dropbox\final_thesis_cs499\source\glga-studentedition\glga\_platforms\visualstudio\chapter-12\debug\glgahelper.obj
c:\users\aggelog\dropbox\final_thesis_cs499\source\glga-studentedition\glga\_platforms\visualstudio\chapter-12\debug\glgamesh.obj
c:\users\aggelog\dropbox\final_thesis_cs499\source\glga-studentedition\glga\_platforms\visualstudio\chapter-12\debug\hdrloader.obj
c:\users\aggelog\dropbox\final_thesis_cs499\source\glga-studentedition\glga\_platforms\visualstudio\chapter-12\debug\chapter-12.obj
c:\users\aggelog\dropbox\final_thesis_cs499\source\glga-studentedition\glga\_platforms\visualstudio\chapter-12\debug\hdri_frame.sbr
c:\users\aggelog\dropbox\final_thesis_cs499\source\glga-studentedition\glga\_platforms\visualstudio\chapter-12\debug\hdri_frame.obj
c:\users\aggelog\desktop\final_thesis_cs499\source\glga-studentedition\glga\_platforms\visualstudio\chapter-12\debug\vc120.pdb
c:\users\aggelog\desktop\final_thesis_cs499\source\glga-studentedition\glga\_platforms\visualstudio\chapter-12\debug\vc120.idb
c:\users\aggelog\desktop\final_thesis_cs499\source\glga-studentedition\glga\_platforms\visualstudio\chapter-12\debug\hdrloader.sbr
c:\users\aggelog\desktop\final_thesis_cs499\source\glga-studentedition\glga\_platforms\visualstudio\chapter-12\debug\hdri_frame.sbr
c:\users\aggelog\desktop\final_thesis_cs499\source\glga-studentedition\glga\_platforms\visualstudio\chapter-12\debug\chapter-12.sbr
c:\users\aggelog\desktop\final_thesis_cs499\source\glga-studentedition\glga\_platforms\visualstudio\chapter-12\debug\glgamesh.sbr
c:\users\aggelog\desktop\final_thesis_cs499\source\glga-studentedition\glga\_platforms\visualstudio\chapter-12\debug\glgahelper.sbr
c:\users\aggelog\desktop\final_thesis_cs499\source\glga-studentedition\glga\_platforms\visualstudio\chapter-12\debug\glgahelper.obj
c:\users\aggelog\desktop\final_thesis_cs499\source\glga-studentedition\glga\_platforms\visualstudio\chapter-12\debug\glgamesh.obj
c:\users\aggelog\desktop\final_thesis_cs499\source\glga-studentedition\glga\_platforms\visualstudio\chapter-12\debug\chapter-12.obj
c:\users\aggelog\desktop\final_thesis_cs499\source\glga-studentedition\glga\_platforms\visualstudio\chapter-12\debug\hdri_frame.obj
c:\users\aggelog\desktop\final_thesis_cs499\source\glga-studentedition\glga\_platforms\visualstudio\chapter-12\debug\hdrloader.obj
c:\users\aggelog\dropbox\final_thesis_cs499\source\glga-studentedition\glga\_platforms\visualstudio\glga\debug\chapter-12.exe
c:\users\aggelog\dropbox\final_thesis_cs499\source\glga-studentedition\glga\_platforms\visualstudio\glga\debug\chapter-12.pdb
c:\users\aggelog\desktop\final_thesis_cs499\source\glga-studentedition\glga\_platforms\visualstudio\glga\debug\chapter-12.exe
c:\users\aggelog\desktop\final_thesis_cs499\source\glga-studentedition\glga\_platforms\visualstudio\glga\debug\chapter-12.pdb
c:\users\aggelog\desktop\final_thesis_cs499\source\glga-studentedition\glga\_platforms\visualstudio\chapter-12\debug\bscmake.command.1.tlog
c:\users\aggelog\desktop\final_thesis_cs499\source\glga-studentedition\glga\_platforms\visualstudio\chapter-12\debug\bscmake.read.1.tlog
c:\users\aggelog\desktop\final_thesis_cs499\source\glga-studentedition\glga\_platforms\visualstudio\chapter-12\debug\bscmake.write.1.tlog
c:\users\aggelog\desktop\final_thesis_cs499\source\glga-studentedition\glga\_platforms\visualstudio\chapter-12\debug\cl.command.1.tlog
c:\users\aggelog\desktop\final_thesis_cs499\source\glga-studentedition\glga\_platforms\visualstudio\chapter-12\debug\cl.read.1.tlog
c:\users\aggelog\desktop\final_thesis_cs499\source\glga-studentedition\glga\_platforms\visualstudio\chapter-12\debug\cl.write.1.tlog
c:\users\aggelog\desktop\final_thesis_cs499\source\glga-studentedition\glga\_platforms\visualstudio\chapter-12\debug\link-cvtres.read.1.tlog
c:\users\aggelog\desktop\final_thesis_cs499\source\glga-studentedition\glga\_platforms\visualstudio\chapter-12\debug\link-cvtres.write.1.tlog
c:\users\aggelog\desktop\final_thesis_cs499\source\glga-studentedition\glga\_platforms\visualstudio\chapter-12\debug\link-rc.read.1.tlog
c:\users\aggelog\desktop\final_thesis_cs499\source\glga-studentedition\glga\_platforms\visualstudio\chapter-12\debug\link-rc.write.1.tlog
c:\users\aggelog\desktop\final_thesis_cs499\source\glga-studentedition\glga\_platforms\visualstudio\chapter-12\debug\link.command.1.tlog
c:\users\aggelog\desktop\final_thesis_cs499\source\glga-studentedition\glga\_platforms\visualstudio\chapter-12\debug\link.read.1.tlog
c:\users\aggelog\desktop\final_thesis_cs499\source\glga-studentedition\glga\_platforms\visualstudio\chapter-12\debug\link.write.1.tlog
c:\users\aggelog\desktop\final_thesis_cs499\source\glga-studentedition\glga\_platforms\visualstudio\chapter-12\debug\vc110.idb
c:\users\aggelog\desktop\final_thesis_cs499\source\glga-studentedition\glga\_platforms\visualstudio\chapter-12\debug\vc110.pdb
c:\users\aggelog\desktop\final_thesis_cs499\source\glga-studentedition\glga\_platforms\visualstudio\glga\debug\chapter-12.bsc
c:\users\aggelog\desktop\final_thesis_cs499\source\glga-studentedition\glga\_platforms\visualstudio\chapter-12\debug\chapter-12.tlog\bscmake.command.1.tlog
c:\users\aggelog\desktop\final_thesis_cs499\source\glga-studentedition\glga\_platforms\visualstudio\chapter-12\debug\chapter-12.tlog\bscmake.read.1.tlog
c:\users\aggelog\desktop\final_thesis_cs499\source\glga-studentedition\glga\_platforms\visualstudio\chapter-12\debug\chapter-12.tlog\bscmake.write.1.tlog
c:\users\aggelog\desktop\final_thesis_cs499\source\glga-studentedition\glga\_platforms\visualstudio\chapter-12\debug\chapter-12.tlog\cl.command.1.tlog
c:\users\aggelog\desktop\final_thesis_cs499\source\glga-studentedition\glga\_platforms\visualstudio\chapter-12\debug\chapter-12.tlog\cl.read.1.tlog
c:\users\aggelog\desktop\final_thesis_cs499\source\glga-studentedition\glga\_platforms\visualstudio\chapter-12\debug\chapter-12.tlog\cl.write.1.tlog
c:\users\aggelog\desktop\final_thesis_cs499\source\glga-studentedition\glga\_platforms\visualstudio\chapter-12\debug\chapter-12.tlog\link.command.1.tlog
c:\users\aggelog\desktop\final_thesis_cs499\source\glga-studentedition\glga\_platforms\visualstudio\chapter-12\debug\chapter-12.tlog\link.read.1.tlog
c:\users\aggelog\desktop\final_thesis_cs499\source\glga-studentedition\glga\_platforms\visualstudio\chapter-12\debug\chapter-12.tlog\link.write.1.tlog
