Build started 10/24/2012 5:15:03 PM.
     1>Project "C:\Temp\Users\GP\glGA\_thirdPartyLibs\glfw-2.7.6\support\msvc100\GLFWDLL.vcxproj" on node 2 (build target(s)).
     1>InitializeBuildStatus:
         Creating "ReleaseDLL\GLFWDLL.unsuccessfulbuild" because "AlwaysCreate" was specified.
       ClCompile:
         C:\Program Files\Microsoft Visual Studio 10.0\VC\bin\CL.exe /c /I"C:\Temp\Users\GP\glGA\_thirdPartyLibs\glfw-2.7.6\support\msvc100\\..\..\lib" /I"C:\Temp\Users\GP\glGA\_thirdPartyLibs\glfw-2.7.6\support\msvc100\\..\..\lib\win32" /nologo /W3 /WX- /O2 /Oi /Oy- /D _GLFW_NO_DLOAD_WINMM /D _GLFW_NO_DLOAD_GDI32 /D GLFW_BUILD_DLL /D WIN32 /D NDEBUG /D _WINDOWS /D _USRDLL /D GLFWDLL_EXPORTS /D _WINDLL /D _MBCS /Gm- /EHsc /MD /GS /Gy- /fp:precise /Zc:wchar_t /Zc:forScope /Fo"ReleaseDLL\\" /Fd"ReleaseDLL\vc100.pdb" /Gd /TC /analyze- /errorReport:prompt ..\..\lib\enable.c ..\..\lib\fullscreen.c ..\..\lib\glext.c ..\..\lib\image.c ..\..\lib\init.c ..\..\lib\input.c ..\..\lib\joystick.c ..\..\lib\stream.c ..\..\lib\tga.c ..\..\lib\thread.c ..\..\lib\time.c ..\..\lib\win32\win32_dllmain.c ..\..\lib\win32\win32_enable.c ..\..\lib\win32\win32_fullscreen.c ..\..\lib\win32\win32_glext.c ..\..\lib\win32\win32_init.c ..\..\lib\win32\win32_joystick.c ..\..\lib\win32\win32_thread.c ..\..\lib\win32\win32_time.c ..\..\lib\win32\win32_window.c ..\..\lib\window.c
         enable.c
         fullscreen.c
         glext.c
         image.c
         init.c
         input.c
         joystick.c
         stream.c
         tga.c
         thread.c
         time.c
         win32_dllmain.c
         win32_enable.c
         win32_fullscreen.c
         win32_glext.c
         win32_init.c
         win32_joystick.c
         win32_thread.c
         win32_time.c
         win32_window.c
         Generating Code...
         Compiling...
         window.c
         Generating Code...
       Link:
         C:\Program Files\Microsoft Visual Studio 10.0\VC\bin\link.exe /ERRORREPORT:PROMPT /OUT:"C:\Temp\Users\GP\glGA\_thirdPartyLibs\glfw-2.7.6\support\msvc100\Release\GLFW.dll" /INCREMENTAL:NO /NOLOGO winmm.lib opengl32.lib kernel32.lib user32.lib gdi32.lib winspool.lib comdlg32.lib advapi32.lib shell32.lib ole32.lib oleaut32.lib uuid.lib odbc32.lib odbccp32.lib kernel32.lib user32.lib gdi32.lib winspool.lib comdlg32.lib advapi32.lib shell32.lib ole32.lib oleaut32.lib uuid.lib odbc32.lib odbccp32.lib /DEF:"C:\Temp\Users\GP\glGA\_thirdPartyLibs\glfw-2.7.6\support\msvc100\\..\..\lib\win32\glfwdll.def" /MANIFEST /ManifestFile:"ReleaseDLL\GLFW.dll.intermediate.manifest" /MANIFESTUAC:"level='asInvoker' uiAccess='false'" /PDB:"C:\Temp\Users\GP\glGA\_thirdPartyLibs\glfw-2.7.6\support\msvc100\Release\GLFW.pdb" /SUBSYSTEM:WINDOWS /OPT:REF /OPT:ICF /TLBID:1 /DYNAMICBASE /NXCOMPAT /IMPLIB:"C:\Temp\Users\GP\glGA\_thirdPartyLibs\glfw-2.7.6\support\msvc100\Release\GLFWDLL.lib" /MACHINE:X86 /DLL ReleaseDLL\enable.obj
         ReleaseDLL\fullscreen.obj
         ReleaseDLL\glext.obj
         ReleaseDLL\image.obj
         ReleaseDLL\init.obj
         ReleaseDLL\input.obj
         ReleaseDLL\joystick.obj
         ReleaseDLL\stream.obj
         ReleaseDLL\tga.obj
         ReleaseDLL\thread.obj
         ReleaseDLL\time.obj
         ReleaseDLL\win32_dllmain.obj
         ReleaseDLL\win32_enable.obj
         ReleaseDLL\win32_fullscreen.obj
         ReleaseDLL\win32_glext.obj
         ReleaseDLL\win32_init.obj
         ReleaseDLL\win32_joystick.obj
         ReleaseDLL\win32_thread.obj
         ReleaseDLL\win32_time.obj
         ReleaseDLL\win32_window.obj
         ReleaseDLL\window.obj
            Creating library C:\Temp\Users\GP\glGA\_thirdPartyLibs\glfw-2.7.6\support\msvc100\Release\GLFWDLL.lib and object C:\Temp\Users\GP\glGA\_thirdPartyLibs\glfw-2.7.6\support\msvc100\Release\GLFWDLL.exp
         GLFWDLL.vcxproj -> C:\Temp\Users\GP\glGA\_thirdPartyLibs\glfw-2.7.6\support\msvc100\Release\GLFW.dll
       Manifest:
         C:\Program Files\Microsoft SDKs\Windows\v7.0A\bin\mt.exe /nologo /verbose /outputresource:"C:\Temp\Users\GP\glGA\_thirdPartyLibs\glfw-2.7.6\support\msvc100\Release\GLFW.dll;#2" /manifest ReleaseDLL\GLFW.dll.intermediate.manifest
       FinalizeBuildStatus:
         Deleting file "ReleaseDLL\GLFWDLL.unsuccessfulbuild".
         Touching "ReleaseDLL\GLFWDLL.lastbuildstate".
     1>Done Building Project "C:\Temp\Users\GP\glGA\_thirdPartyLibs\glfw-2.7.6\support\msvc100\GLFWDLL.vcxproj" (build target(s)).

Build succeeded.

Time Elapsed 00:00:03.30
