c:\users\aggelog\dropbox\final_thesis_cs499\source\glga-studentedition\glga\_platforms\visualstudio\glga\debug\chapter-10.bsc
c:\users\aggelog\dropbox\final_thesis_cs499\source\glga-studentedition\glga\_platforms\visualstudio\chapter-10\debug\vc120.pdb
c:\users\aggelog\dropbox\final_thesis_cs499\source\glga-studentedition\glga\_platforms\visualstudio\chapter-10\debug\vc120.idb
c:\users\aggelog\dropbox\final_thesis_cs499\source\glga-studentedition\glga\_platforms\visualstudio\chapter-10\debug\chapter-10.sbr
c:\users\aggelog\dropbox\final_thesis_cs499\source\glga-studentedition\glga\_platforms\visualstudio\chapter-10\debug\glgamesh.sbr
c:\users\aggelog\dropbox\final_thesis_cs499\source\glga-studentedition\glga\_platforms\visualstudio\chapter-10\debug\glgahelper.sbr
c:\users\aggelog\dropbox\final_thesis_cs499\source\glga-studentedition\glga\_platforms\visualstudio\chapter-10\debug\glgahelper.obj
c:\users\aggelog\dropbox\final_thesis_cs499\source\glga-studentedition\glga\_platforms\visualstudio\chapter-10\debug\glgamesh.obj
c:\users\aggelog\dropbox\final_thesis_cs499\source\glga-studentedition\glga\_platforms\visualstudio\chapter-10\debug\chapter-10.obj
c:\users\aggelog\dropbox\final_thesis_cs499\source\glga-studentedition\glga\_platforms\visualstudio\glga\debug\chapter-10.exe
c:\users\aggelog\dropbox\final_thesis_cs499\source\glga-studentedition\glga\_platforms\visualstudio\glga\debug\chapter-10.pdb
c:\users\aggelog\dropbox\final_thesis_cs499\source\glga-studentedition\glga\_platforms\visualstudio\chapter-10\debug\chapter-10.tlog\bscmake.command.1.tlog
c:\users\aggelog\dropbox\final_thesis_cs499\source\glga-studentedition\glga\_platforms\visualstudio\chapter-10\debug\chapter-10.tlog\bscmake.read.1.tlog
c:\users\aggelog\dropbox\final_thesis_cs499\source\glga-studentedition\glga\_platforms\visualstudio\chapter-10\debug\chapter-10.tlog\bscmake.write.1.tlog
c:\users\aggelog\dropbox\final_thesis_cs499\source\glga-studentedition\glga\_platforms\visualstudio\chapter-10\debug\chapter-10.tlog\cl.command.1.tlog
c:\users\aggelog\dropbox\final_thesis_cs499\source\glga-studentedition\glga\_platforms\visualstudio\chapter-10\debug\chapter-10.tlog\cl.read.1.tlog
c:\users\aggelog\dropbox\final_thesis_cs499\source\glga-studentedition\glga\_platforms\visualstudio\chapter-10\debug\chapter-10.tlog\cl.write.1.tlog
c:\users\aggelog\dropbox\final_thesis_cs499\source\glga-studentedition\glga\_platforms\visualstudio\chapter-10\debug\chapter-10.tlog\link.command.1.tlog
c:\users\aggelog\dropbox\final_thesis_cs499\source\glga-studentedition\glga\_platforms\visualstudio\chapter-10\debug\chapter-10.tlog\link.read.1.tlog
c:\users\aggelog\dropbox\final_thesis_cs499\source\glga-studentedition\glga\_platforms\visualstudio\chapter-10\debug\chapter-10.tlog\link.write.1.tlog
